Added Component: Designator=T1(B82805A)
Add component (AddParameter): Name = "ComponentLink1Description"; Value = "Datasheet"; VariantName = "[No Variations]"
Add component (AddParameter): Name = "ComponentLink1URL"; Value = "https://www.tdk-electronics.tdk.com/inf/30/ds/b82805a.pdf"; VariantName = "[No Variations]"
Added Component: Designator=T2(B82805A)
Add component (AddParameter): Name = "ComponentLink1Description"; Value = "Datasheet"; VariantName = "[No Variations]"
Add component (AddParameter): Name = "ComponentLink1URL"; Value = "https://www.tdk-electronics.tdk.com/inf/30/ds/b82805a.pdf"; VariantName = "[No Variations]"
Added Pin To Net: NetName=D1 Pin=T1-1
Added Pin To Net: NetName=5V_LMZ Pin=T1-2
Added Pin To Net: NetName=D2 Pin=T1-3
Added Pin To Net: NetName=NetT1_4 Pin=T1-4
Added Pin To Net: NetName=NetT1_6 Pin=T1-6
Added Pin To Net: NetName=D1 Pin=T2-1
Added Pin To Net: NetName=5V_LMZ Pin=T2-2
Added Pin To Net: NetName=D2 Pin=T2-3
Added Pin To Net: NetName=NetT2_4 Pin=T2-4
Added Pin To Net: NetName=-Uï Pin=T2-5
Added Pin To Net: NetName=NetT1_4 Pin=T2-6
Added Member To Class: ClassName=plp-cbot_2a Member=Component T1 B82805A
Added Member To Class: ClassName=plp-cbot_2a Member=Component T2 B82805A
Added Room: Name=plp-cbot_2a
