Removed Pin From Net: NetName=+3.3 Pin=+U-1
Added Component: Designator=R10(RESC1608(0603)X04L)
Add component (AddParameter): Name = "Case"; Value = "0603"; VariantName = "[No Variations]"
Add component (AddParameter): Name = "ComponentLink1Description"; Value = "Data Sheet"; VariantName = "[No Variations]"
Add component (AddParameter): Name = "ComponentLink1URL"; Value = "http://smd.ru/files/upload/1207/ru/chip-resis.pdf"; VariantName = "[No Variations]"
Add component (AddParameter): Name = "ComponentLink2Description"; Value = "Specific Res Only"; VariantName = "[No Variations]"
Add component (AddParameter): Name = "ComponentLink2URL"; Value = ""; VariantName = "[No Variations]"
Add component (AddParameter): Name = "ComponentLink3Description"; Value = "Replacement Data Sheet"; VariantName = "[No Variations]"
Add component (AddParameter): Name = "ComponentLink3URL"; Value = ""; VariantName = "[No Variations]"
Add component (AddParameter): Name = "ComponentLink4Description"; Value = "Replacement 2 Data Sheet"; VariantName = "[No Variations]"
Add component (AddParameter): Name = "ComponentLink4URL"; Value = ""; VariantName = "[No Variations]"
Add component (AddParameter): Name = "Manufacturer"; Value = "Bourns"; VariantName = "[No Variations]"
Add component (AddParameter): Name = "Max Rated DC Voltage"; Value = "100 Â"; VariantName = "[No Variations]"
Add component (AddParameter): Name = "OrderCode"; Value = ""; VariantName = "[No Variations]"
Add component (AddParameter): Name = "PartNumber"; Value = ""; VariantName = "[No Variations]"
Add component (AddParameter): Name = "Power"; Value = "1/10 Âò"; VariantName = "[No Variations]"
Add component (AddParameter): Name = "Rated DC Voltage"; Value = "50 Â"; VariantName = "[No Variations]"
Add component (AddParameter): Name = "Rated T"; Value = "-55 °C to +125 °C"; VariantName = "[No Variations]"
Add component (AddParameter): Name = "ReplacementPart1Manufacturer"; Value = ""; VariantName = "[No Variations]"
Add component (AddParameter): Name = "ReplacementPart1PartNumber"; Value = ""; VariantName = "[No Variations]"
Add component (AddParameter): Name = "ReplacementPart2Manufacturer"; Value = ""; VariantName = "[No Variations]"
Add component (AddParameter): Name = "ReplacementPart2PartNumber"; Value = ""; VariantName = "[No Variations]"
Add component (AddParameter): Name = "Resistance Code"; Value = "0603 {Value} Îì ±1 %"; VariantName = "[No Variations]"
Add component (AddParameter): Name = "Temperature Range"; Value = "-55 to +125°C"; VariantName = "[No Variations]"
Add component (AddParameter): Name = "TKR"; Value = "±100 ppm"; VariantName = "[No Variations]"
Add component (AddParameter): Name = "Tolerance"; Value = "±1 %"; VariantName = "[No Variations]"
Add component (AddParameter): Name = "Value"; Value = "100"; VariantName = "[No Variations]"
Added Pin To Net: NetName=+3.3 Pin=R10-2
Added Pin To Net: NetName=Net+U_1 Pin=+U-1
Added Pin To Net: NetName=Net+U_1 Pin=R10-1
Added Net: Name=Net+U_1
