Removed Pin From Net: NetName=-20V Pin=C6-1
Removed Pin From Net: NetName=PULSE_NEG Pin=DD1-1
Removed Pin From Net: NetName=PULSE_POS Pin=DD1-3
Removed Pin From Net: NetName=PULSE_POS Pin=R8-2
Removed Pin From Net: NetName=PULSE_NEG Pin=R9-2
Removed Pin From Net: NetName=-20V Pin=R13-1
Removed Pin From Net: NetName=NetR5_2 Pin=VD3-3
Removed Pin From Net: NetName=-20V Pin=VD4-3
Removed Pin From Net: NetName=-20V Pin=XP1-2
Change Component Footprint: Designator=VD3 Old Footprint=SOT23 New Footprint=DIODE: SOD523
Change Component Footprint: Designator=VD4 Old Footprint=SOT23 New Footprint=DIODE: SOD523
Change Component Comment : Designator=VD4 Old Comment=* New Comment=BZX585
Change Component Comment : Designator=C7 Old Comment= New Comment=100uF
Change Component Comment : Designator=VD3 Old Comment=BZX84-C15 New Comment=BZX585
Change component parameters: Designator = "C7" ("C7"); Footprint = "CAP_B3528X21N"; UniqueID = "\YRQKTNDP" ("\YRQKTNDP")
Change component parameters (AddParameter): Name = "Case"; Value = ""; VariantName = "[No Variations]"
Change component parameters (AddParameter): Name = "ComponentLink1Description"; Value = "Global Data"; VariantName = "[No Variations]"
Change component parameters (AddParameter): Name = "ComponentLink1URL"; Value = ""; VariantName = "[No Variations]"
Change component parameters (AddParameter): Name = "ComponentLink2Description"; Value = "Part Data Sheet"; VariantName = "[No Variations]"
Change component parameters (AddParameter): Name = "ComponentLink2URL"; Value = ""; VariantName = "[No Variations]"
Change component parameters (AddParameter): Name = "ComponentLink3Description"; Value = "Replacement Data Sheet"; VariantName = "[No Variations]"
Change component parameters (AddParameter): Name = "ComponentLink3URL"; Value = ""; VariantName = "[No Variations]"
Change component parameters (AddParameter): Name = "ComponentLink4Description"; Value = "Replacement 2 Data Sheet"; VariantName = "[No Variations]"
Change component parameters (AddParameter): Name = "ComponentLink4URL"; Value = ""; VariantName = "[No Variations]"
Change component parameters (AddParameter): Name = "Manufacturer"; Value = "Murata"; VariantName = "[No Variations]"
Change component parameters (AddParameter): Name = "PartNumber"; Value = ""; VariantName = "[No Variations]"
Change component parameters (AddParameter): Name = "Rated DC Voltage"; Value = "10V"; VariantName = "[No Variations]"
Change component parameters (AddParameter): Name = "ReplacementPart1Manufacturer"; Value = ""; VariantName = "[No Variations]"
Change component parameters (AddParameter): Name = "ReplacementPart1PartNumber"; Value = ""; VariantName = "[No Variations]"
Change component parameters (AddParameter): Name = "ReplacementPart2Manufacturer"; Value = ""; VariantName = "[No Variations]"
Change component parameters (AddParameter): Name = "ReplacementPart2PartNumber"; Value = ""; VariantName = "[No Variations]"
Change component parameters (AddParameter): Name = "Ripple Current Rating"; Value = ""; VariantName = "[No Variations]"
Change component parameters (AddParameter): Name = "TC Code"; Value = "X7R"; VariantName = "[No Variations]"
Change component parameters (AddParameter): Name = "Temperature Range"; Value = ""; VariantName = "[No Variations]"
Change component parameters (AddParameter): Name = "Tolerance"; Value = ""; VariantName = "[No Variations]"
Change component parameters (AddParameter): Name = "Value"; Value = "100uF"; VariantName = "[No Variations]"
Change component parameters: Designator = "VD4" ("VD4"); Footprint = "SOT23"; UniqueID = "\EGMRXSYI" ("\EGMRXSYI")
Change component parameters (AddParameter): Name = "ComponentLink1Description"; Value = "Datasheet"; VariantName = "[No Variations]"
Change component parameters (AddParameter): Name = "ComponentLink1URL"; Value = "https://assets.nexperia.com/documents/data-sheet/BZX585_SERIES.pdf"; VariantName = "[No Variations]"
Change component parameters: Designator = "VD3" ("VD3"); Footprint = "SOT23"; UniqueID = "\JKZQEUUX" ("\JKZQEUUX")
Change component parameters (AddParameter): Name = "ComponentLink1Description"; Value = "Datasheet"; VariantName = "[No Variations]"
Change component parameters (AddParameter): Name = "ComponentLink1URL"; Value = "https://assets.nexperia.com/documents/data-sheet/BZX585_SERIES.pdf"; VariantName = "[No Variations]"
Added Component: Designator=C8(CAPC_0603(1608)X080L)
Add component (AddParameter): Name = "Case"; Value = "0603"; VariantName = "[No Variations]"
Add component (AddParameter): Name = "ComponentLink1Description"; Value = "Global Data"; VariantName = "[No Variations]"
Add component (AddParameter): Name = "ComponentLink1URL"; Value = "http://www.murata.com/products/capacitor/tech_data/index.html"; VariantName = "[No Variations]"
Add component (AddParameter): Name = "ComponentLink2Description"; Value = "Part Data Sheet"; VariantName = "[No Variations]"
Add component (AddParameter): Name = "ComponentLink2URL"; Value = ""; VariantName = "[No Variations]"
Add component (AddParameter): Name = "ComponentLink3Description"; Value = "Replacement Data Sheet"; VariantName = "[No Variations]"
Add component (AddParameter): Name = "ComponentLink3URL"; Value = ""; VariantName = "[No Variations]"
Add component (AddParameter): Name = "ComponentLink4Description"; Value = "Replacement 2 Data Sheet"; VariantName = "[No Variations]"
Add component (AddParameter): Name = "ComponentLink4URL"; Value = ""; VariantName = "[No Variations]"
Add component (AddParameter): Name = "ESR"; Value = "* mOhm"; VariantName = "[No Variations]"
Add component (AddParameter): Name = "Manufacturer"; Value = "Murata"; VariantName = "[No Variations]"
Add component (AddParameter): Name = "OrderCode"; Value = "0603 - 0,022ìêÔ ±10% - 50Â - X7R"; VariantName = "[No Variations]"
Add component (AddParameter): Name = "PartNumber"; Value = ""; VariantName = "[No Variations]"
Add component (AddParameter): Name = "Rated DC Voltage"; Value = ""; VariantName = "[No Variations]"
Add component (AddParameter): Name = "ReplacementPart1Manufacturer"; Value = "TDK"; VariantName = "[No Variations]"
Add component (AddParameter): Name = "ReplacementPart1PartNumber"; Value = ""; VariantName = "[No Variations]"
Add component (AddParameter): Name = "ReplacementPart2Manufacturer"; Value = "Taiyo Yuden"; VariantName = "[No Variations]"
Add component (AddParameter): Name = "ReplacementPart2PartNumber"; Value = ""; VariantName = "[No Variations]"
Add component (AddParameter): Name = "Ripple Current Rating"; Value = ""; VariantName = "[No Variations]"
Add component (AddParameter): Name = "TC Code"; Value = "X7R"; VariantName = "[No Variations]"
Add component (AddParameter): Name = "Temperature Range"; Value = "-55 to +125°C"; VariantName = "[No Variations]"
Add component (AddParameter): Name = "Tolerance"; Value = "±10%"; VariantName = "[No Variations]"
Add component (AddParameter): Name = "Value"; Value = "10uF"; VariantName = "[No Variations]"
Added Component: Designator=D1(SC70-5)
Add component (AddParameter): Name = "ComponentLink1Description"; Value = "Datasheet"; VariantName = "[No Variations]"
Add component (AddParameter): Name = "ComponentLink1URL"; Value = "https://www.ti.com/lit/ds/symlink/sn74lv1t34.pdf?ts=1607003293244&ref_url=https%253A%252F%252Fwww.ti.com%252Fproduct%252FSN74LV1T34"; VariantName = "[No Variations]"
Added Component: Designator=D2(SC70-5)
Add component (AddParameter): Name = "ComponentLink1Description"; Value = "Datasheet"; VariantName = "[No Variations]"
Add component (AddParameter): Name = "ComponentLink1URL"; Value = "https://www.ti.com/lit/ds/symlink/sn74lv1t34.pdf?ts=1607003293244&ref_url=https%253A%252F%252Fwww.ti.com%252Fproduct%252FSN74LV1T34"; VariantName = "[No Variations]"
Added Pin To Net: NetName=-20V Pin=C8-1
Added Pin To Net: NetName=5V_LMZ Pin=C8-2
Added Pin To Net: NetName=PULSE_POS Pin=D1-2
Added Pin To Net: NetName=-20V Pin=D1-3
Added Pin To Net: NetName=+5V Pin=D1-5
Added Pin To Net: NetName=PULSE_NEG Pin=D2-2
Added Pin To Net: NetName=-20V Pin=D2-3
Added Pin To Net: NetName=+5V Pin=D2-5
Added Pin To Net: NetName=NetR5_2 Pin=VD3-2
Added Pin To Net: NetName=-20V Pin=VD4-2
Change Net Name : Old Net Name=-20V New Net Name=-Uï
Added Pin To Net: NetName=-20V Pin=C6-1
Added Pin To Net: NetName=-20V Pin=R13-1
Added Pin To Net: NetName=-20V Pin=XP1-2
Added Net: Name=-20V
Added Pin To Net: NetName=NetD1_4 Pin=D1-4
Added Pin To Net: NetName=NetD1_4 Pin=DD1-3
Added Pin To Net: NetName=NetD1_4 Pin=R8-2
Added Net: Name=NetD1_4
Added Pin To Net: NetName=NetD2_4 Pin=D2-4
Added Pin To Net: NetName=NetD2_4 Pin=DD1-1
Added Pin To Net: NetName=NetD2_4 Pin=R9-2
Added Net: Name=NetD2_4
Added Member To Class: ClassName=plp-cbot_2a Member=Component C8 10uF
Added Member To Class: ClassName=plp-cbot_2a Member=Component D1 SN74LV1T34DCK
Added Member To Class: ClassName=plp-cbot_2a Member=Component D2 SN74LV1T34DCK
Added Room: Name=plp-cbot_2a
