Removed Pin From Net: NetName=-Uï Pin=C1-1
Removed Pin From Net: NetName=-Uï Pin=C2-2
Removed Pin From Net: NetName=-Uï Pin=C3-1
Removed Pin From Net: NetName=-Uï Pin=C4-2
Removed Pin From Net: NetName=-Uï Pin=C8-1
Removed Pin From Net: NetName=-Uï Pin=DA1-1
Removed Pin From Net: NetName=-Uï Pin=DA1-2
Removed Pin From Net: NetName=-Uï Pin=DA1-11
Removed Pin From Net: NetName=PULSE_POS Pin=R10-2
Removed Pin From Net: NetName=PULSE_NEG Pin=R11-2
Removed Pin From Net: NetName=-Uï Pin=U1-4
Removed Pin From Net: NetName=-Uï Pin=VD2-2
Removed Pin From Net: NetName=-Uï Pin=VD5-1
Removed Pin From Net: NetName=-Uï Pin=XP2-3
Removed Member From Class: ClassName=plp-cbot_2a Member=R10
Removed Member From Class: ClassName=plp-cbot_2a Member=R11
Added Pin To Net: NetName=PULSE_NEG Pin=NEG-0
Added Pin To Net: NetName=PULSE_POS Pin=POS-0
Added Pin To Net: NetName=-15 Pin=VD5-1
Change Net Name : Old Net Name=-Uï New Net Name=GND
Added Pin To Net: NetName=-Uï Pin=C1-1
Added Pin To Net: NetName=-Uï Pin=C2-2
Added Pin To Net: NetName=-Uï Pin=C3-1
Added Pin To Net: NetName=-Uï Pin=C4-2
Added Pin To Net: NetName=-Uï Pin=C8-1
Added Pin To Net: NetName=-Uï Pin=DA1-1
Added Pin To Net: NetName=-Uï Pin=DA1-2
Added Pin To Net: NetName=-Uï Pin=DA1-11
Added Pin To Net: NetName=-Uï Pin=U1-4
Added Pin To Net: NetName=-Uï Pin=VD2-2
Added Pin To Net: NetName=-Uï Pin=XP2-3
Added Net: Name=-Uï
Added Room: Name=plp-cbot_2a
