Removed Pin From Net: NetName=D2 Pin=T1-1
Removed Pin From Net: NetName=D2 Pin=T1-2
Removed Pin From Net: NetName=D2 Pin=T1-3
Removed Pin From Net: NetName=D2 Pin=T1-4
Removed Pin From Net: NetName=D2 Pin=T1-5
Removed Pin From Net: NetName=D2 Pin=T1-6
Removed Pin From Net: NetName=NetT2_6 Pin=T2-1
Removed Pin From Net: NetName=NetT2_6 Pin=T2-2
Removed Pin From Net: NetName=NetT2_6 Pin=T2-3
Removed Pin From Net: NetName=NetT2_6 Pin=T2-4
Removed Pin From Net: NetName=NetT2_6 Pin=T2-5
Removed Pin From Net: NetName=D1 Pin=U1-3
Added Pin To Net: NetName=5V_LMZ Pin=T1-2
Added Pin To Net: NetName=D1 Pin=T1-3
Added Pin To Net: NetName=NetT1_4 Pin=T1-4
Added Pin To Net: NetName=NetT1_6 Pin=T1-6
Added Pin To Net: NetName=D1 Pin=T2-1
Added Pin To Net: NetName=5V_LMZ Pin=T2-2
Added Pin To Net: NetName=D2 Pin=T2-3
Added Pin To Net: NetName=NetT1_6 Pin=T2-4
Added Pin To Net: NetName=GND Pin=T2-5
Added Pin To Net: NetName=NetT1_1 Pin=T1-1
Added Pin To Net: NetName=NetT1_1 Pin=U1-3
Added Net: Name=NetT1_1
