Change Component Description : Designator=VD2 Old Description=EIA RS-485 ±7V New Description=EIA RS-485 ±7V 
Change Component Description : Designator=VD1 Old Description=EIA RS-485 ±7V ±12V New Description=EIA RS-485 ±7V ±12V 
Added Component: Designator=XS1(CON: PLD-4(2.00_hl))
Added Component: Designator=XS2(CON: PLD-4(2.00_hl))
Added Component: Designator=XS3(CON: PLD-4(2.00_hl))
Added Component: Designator=XS4(CON: PLD-4(2.00_hl))
Added Component: Designator=XS5(CON: PLLD-4(1.27_VL))
Added Component: Designator=XS6(CON: PLLD-4(1.27_VL))
Added Pin To Net: NetName=GND Pin=XS1-1
Added Pin To Net: NetName=3.3V_EXT Pin=XS1-2
Added Pin To Net: NetName=PE Pin=XS2-1
Added Pin To Net: NetName=-Uï Pin=XS2-2
Added Pin To Net: NetName=+Uï Pin=XS2-4
Added Pin To Net: NetName=SSI OUT A Pin=XS3-1
Added Pin To Net: NetName=SSI OUT B Pin=XS3-2
Added Pin To Net: NetName=485/SCKA Pin=XS3-3
Added Pin To Net: NetName=485/SCKB Pin=XS3-4
Added Pin To Net: NetName=-Uï Pin=XS4-1
Added Pin To Net: NetName=GND Pin=XS4-2
Added Pin To Net: NetName=+Uï Pin=XS4-3
Added Pin To Net: NetName=P2.6 Pin=XS4-4
Added Pin To Net: NetName=UART_OUT Pin=XS5-1
Added Pin To Net: NetName=UART_IN Pin=XS5-2
Added Pin To Net: NetName=GND Pin=XS6-1
Added Pin To Net: NetName=GND Pin=XS6-2
Added Pin To Net: NetName=GND Pin=XS6-3
Added Pin To Net: NetName=GND Pin=XS6-4
Change Class Name : Old Net Name=plp-ci_1a New Net Name=plp-cd_2a
Added Member To Class: ClassName=plp-cd_2a Member=Component XS1 PLD-4
Added Member To Class: ClassName=plp-cd_2a Member=Component XS2 PLD-4
Added Member To Class: ClassName=plp-cd_2a Member=Component XS3 PLD-4
Added Member To Class: ClassName=plp-cd_2a Member=Component XS4 PLD-4
Added Member To Class: ClassName=plp-cd_2a Member=Component XS5 PLLD-4
Added Member To Class: ClassName=plp-cd_2a Member=Component XS6 PLLD-4
Added Room: Name=plp-cd_2a
