Added Component: Designator=C1(CAP: 1206)
Add component (AddParameter): Name = "HelpURL"; Value = "https://www.digikey.com/product-detail/en/yageo/CC1206KRX7R9BB104/311-1179-1-ND/303089"; VariantName = "[No Variations]"
Add component (AddParameter): Name = "Manufacturer"; Value = "Yageo"; VariantName = "[No Variations]"
Add component (AddParameter): Name = "Package"; Value = "1206"; VariantName = "[No Variations]"
Add component (AddParameter): Name = "PartNumber"; Value = "CC1206KRX7R9BB104"; VariantName = "[No Variations]"
Add component (AddParameter): Name = "Temperature"; Value = "-55...+125°C"; VariantName = "[No Variations]"
Add component (AddParameter): Name = "Tolerance"; Value = "±10%"; VariantName = "[No Variations]"
Add component (AddParameter): Name = "TypeCapacitor"; Value = "Ceramic capacitor"; VariantName = "[No Variations]"
Add component (AddParameter): Name = "TypeDielectric"; Value = "X7R"; VariantName = "[No Variations]"
Add component (AddParameter): Name = "Value"; Value = "100u"; VariantName = "[No Variations]"
Add component (AddParameter): Name = "ValueManufacturerPartNumber"; Value = "Ceramic capacitor, 100u, X7R, ±10%, 6V, 1206, -55...+125°C"; VariantName = "[No Variations]"
Add component (AddParameter): Name = "Voltage"; Value = "6V"; VariantName = "[No Variations]"
Added Component: Designator=DD1(12-LFCSP)
Add component (AddParameter): Name = "ComponentLink1Description"; Value = "Datasheet"; VariantName = "[No Variations]"
Add component (AddParameter): Name = "ComponentLink1URL"; Value = "https://www.analog.com/en/products/ltc3337.html"; VariantName = "[No Variations]"
Added Component: Designator=R1(RES: 0603)
Add component (AddParameter): Name = "HelpURL"; Value = "https://www.digikey.com/product-detail/en/yageo/RC0603JR-07100RL/311-100GRCT-ND/729644"; VariantName = "[No Variations]"
Add component (AddParameter): Name = "Manufacturer"; Value = "Yageo"; VariantName = "[No Variations]"
Add component (AddParameter): Name = "Package"; Value = "0603"; VariantName = "[No Variations]"
Add component (AddParameter): Name = "PartNumber"; Value = "RC0603JR-07100RL"; VariantName = "[No Variations]"
Add component (AddParameter): Name = "Power"; Value = "0.1W"; VariantName = "[No Variations]"
Add component (AddParameter): Name = "Temperature"; Value = "-55...+125°C"; VariantName = "[No Variations]"
Add component (AddParameter): Name = "Tolerance"; Value = "±5%"; VariantName = "[No Variations]"
Add component (AddParameter): Name = "TypeResistor"; Value = "Resistor film"; VariantName = "[No Variations]"
Add component (AddParameter): Name = "Value"; Value = "10k"; VariantName = "[No Variations]"
Add component (AddParameter): Name = "ValueManufacturerPartNumber"; Value = "Resistor film, 10k, ±5%, 0603, 0.1W, -55...+125°C"; VariantName = "[No Variations]"
Added Component: Designator=R2(RES: 0603)
Add component (AddParameter): Name = "HelpURL"; Value = "https://www.digikey.com/product-detail/en/yageo/RC0603JR-07100RL/311-100GRCT-ND/729644"; VariantName = "[No Variations]"
Add component (AddParameter): Name = "Manufacturer"; Value = "Yageo"; VariantName = "[No Variations]"
Add component (AddParameter): Name = "Package"; Value = "0603"; VariantName = "[No Variations]"
Add component (AddParameter): Name = "PartNumber"; Value = "RC0603JR-07100RL"; VariantName = "[No Variations]"
Add component (AddParameter): Name = "Power"; Value = "0.1W"; VariantName = "[No Variations]"
Add component (AddParameter): Name = "Temperature"; Value = "-55...+125°C"; VariantName = "[No Variations]"
Add component (AddParameter): Name = "Tolerance"; Value = "±5%"; VariantName = "[No Variations]"
Add component (AddParameter): Name = "TypeResistor"; Value = "Resistor film"; VariantName = "[No Variations]"
Add component (AddParameter): Name = "Value"; Value = "10k"; VariantName = "[No Variations]"
Add component (AddParameter): Name = "ValueManufacturerPartNumber"; Value = "Resistor film, 10k, ±5%, 0603, 0.1W, -55...+125°C"; VariantName = "[No Variations]"
Added Component: Designator=R3(RES: 2512)
Add component (AddParameter): Name = "HelpURL"; Value = "https://www.digikey.com/product-detail/en/yageo/RC2512JK-07100RL/YAG3393CT-ND/5962215"; VariantName = "[No Variations]"
Add component (AddParameter): Name = "Manufacturer"; Value = "Yageo"; VariantName = "[No Variations]"
Add component (AddParameter): Name = "Package"; Value = "2512"; VariantName = "[No Variations]"
Add component (AddParameter): Name = "PartNumber"; Value = "RC2512JK-07100RL"; VariantName = "[No Variations]"
Add component (AddParameter): Name = "Power"; Value = "1W"; VariantName = "[No Variations]"
Add component (AddParameter): Name = "Temperature"; Value = "-55...+125°C"; VariantName = "[No Variations]"
Add component (AddParameter): Name = "Tolerance"; Value = "±5%"; VariantName = "[No Variations]"
Add component (AddParameter): Name = "TypeResistor"; Value = "Resistor film"; VariantName = "[No Variations]"
Add component (AddParameter): Name = "Value"; Value = "3.6"; VariantName = "[No Variations]"
Add component (AddParameter): Name = "ValueManufacturerPartNumber"; Value = "Resistor film, 3.6, ±5%, 2512, 1W, -55...+125°C"; VariantName = "[No Variations]"
Added Component: Designator=R4(RES: 2512)
Add component (AddParameter): Name = "HelpURL"; Value = "https://www.digikey.com/product-detail/en/yageo/RC2512JK-07100RL/YAG3393CT-ND/5962215"; VariantName = "[No Variations]"
Add component (AddParameter): Name = "Manufacturer"; Value = "Yageo"; VariantName = "[No Variations]"
Add component (AddParameter): Name = "Package"; Value = "2512"; VariantName = "[No Variations]"
Add component (AddParameter): Name = "PartNumber"; Value = "RC2512JK-07100RL"; VariantName = "[No Variations]"
Add component (AddParameter): Name = "Power"; Value = "1W"; VariantName = "[No Variations]"
Add component (AddParameter): Name = "Temperature"; Value = "-55...+125°C"; VariantName = "[No Variations]"
Add component (AddParameter): Name = "Tolerance"; Value = "±5%"; VariantName = "[No Variations]"
Add component (AddParameter): Name = "TypeResistor"; Value = "Resistor film"; VariantName = "[No Variations]"
Add component (AddParameter): Name = "Value"; Value = "3.6"; VariantName = "[No Variations]"
Add component (AddParameter): Name = "ValueManufacturerPartNumber"; Value = "Resistor film, 3.6, ±5%, 2512, 1W, -55...+125°C"; VariantName = "[No Variations]"
Added Component: Designator=R5(RES: 2512)
Add component (AddParameter): Name = "HelpURL"; Value = "https://www.digikey.com/product-detail/en/yageo/RC2512JK-07100RL/YAG3393CT-ND/5962215"; VariantName = "[No Variations]"
Add component (AddParameter): Name = "Manufacturer"; Value = "Yageo"; VariantName = "[No Variations]"
Add component (AddParameter): Name = "Package"; Value = "2512"; VariantName = "[No Variations]"
Add component (AddParameter): Name = "PartNumber"; Value = "RC2512JK-07100RL"; VariantName = "[No Variations]"
Add component (AddParameter): Name = "Power"; Value = "1W"; VariantName = "[No Variations]"
Add component (AddParameter): Name = "Temperature"; Value = "-55...+125°C"; VariantName = "[No Variations]"
Add component (AddParameter): Name = "Tolerance"; Value = "±5%"; VariantName = "[No Variations]"
Add component (AddParameter): Name = "TypeResistor"; Value = "Resistor film"; VariantName = "[No Variations]"
Add component (AddParameter): Name = "Value"; Value = "3.6"; VariantName = "[No Variations]"
Add component (AddParameter): Name = "ValueManufacturerPartNumber"; Value = "Resistor film, 3.6, ±5%, 2512, 1W, -55...+125°C"; VariantName = "[No Variations]"
Added Component: Designator=R6(RES: 2512)
Add component (AddParameter): Name = "HelpURL"; Value = "https://www.digikey.com/product-detail/en/yageo/RC2512JK-07100RL/YAG3393CT-ND/5962215"; VariantName = "[No Variations]"
Add component (AddParameter): Name = "Manufacturer"; Value = "Yageo"; VariantName = "[No Variations]"
Add component (AddParameter): Name = "Package"; Value = "2512"; VariantName = "[No Variations]"
Add component (AddParameter): Name = "PartNumber"; Value = "RC2512JK-07100RL"; VariantName = "[No Variations]"
Add component (AddParameter): Name = "Power"; Value = "1W"; VariantName = "[No Variations]"
Add component (AddParameter): Name = "Temperature"; Value = "-55...+125°C"; VariantName = "[No Variations]"
Add component (AddParameter): Name = "Tolerance"; Value = "±5%"; VariantName = "[No Variations]"
Add component (AddParameter): Name = "TypeResistor"; Value = "Resistor film"; VariantName = "[No Variations]"
Add component (AddParameter): Name = "Value"; Value = "3.6"; VariantName = "[No Variations]"
Add component (AddParameter): Name = "ValueManufacturerPartNumber"; Value = "Resistor film, 3.6, ±5%, 2512, 1W, -55...+125°C"; VariantName = "[No Variations]"
Added Component: Designator=R7(RES: 0603)
Add component (AddParameter): Name = "HelpURL"; Value = "https://www.digikey.com/product-detail/en/yageo/RC0603JR-07100RL/311-100GRCT-ND/729644"; VariantName = "[No Variations]"
Add component (AddParameter): Name = "Manufacturer"; Value = "Yageo"; VariantName = "[No Variations]"
Add component (AddParameter): Name = "Package"; Value = "0603"; VariantName = "[No Variations]"
Add component (AddParameter): Name = "PartNumber"; Value = "RC0603JR-07100RL"; VariantName = "[No Variations]"
Add component (AddParameter): Name = "Power"; Value = "0.1W"; VariantName = "[No Variations]"
Add component (AddParameter): Name = "Temperature"; Value = "-55...+125°C"; VariantName = "[No Variations]"
Add component (AddParameter): Name = "Tolerance"; Value = "±5%"; VariantName = "[No Variations]"
Add component (AddParameter): Name = "TypeResistor"; Value = "Resistor film"; VariantName = "[No Variations]"
Add component (AddParameter): Name = "Value"; Value = "240R"; VariantName = "[No Variations]"
Add component (AddParameter): Name = "ValueManufacturerPartNumber"; Value = "Resistor film, 240R, ±5%, 0603, 0.1W, -55...+125°C"; VariantName = "[No Variations]"
Added Component: Designator=R8(RES: 0603)
Add component (AddParameter): Name = "HelpURL"; Value = "https://www.digikey.com/product-detail/en/yageo/RC0603JR-07100RL/311-100GRCT-ND/729644"; VariantName = "[No Variations]"
Add component (AddParameter): Name = "Manufacturer"; Value = "Yageo"; VariantName = "[No Variations]"
Add component (AddParameter): Name = "Package"; Value = "0603"; VariantName = "[No Variations]"
Add component (AddParameter): Name = "PartNumber"; Value = "RC0603JR-07100RL"; VariantName = "[No Variations]"
Add component (AddParameter): Name = "Power"; Value = "0.1W"; VariantName = "[No Variations]"
Add component (AddParameter): Name = "Temperature"; Value = "-55...+125°C"; VariantName = "[No Variations]"
Add component (AddParameter): Name = "Tolerance"; Value = "±5%"; VariantName = "[No Variations]"
Add component (AddParameter): Name = "TypeResistor"; Value = "Resistor film"; VariantName = "[No Variations]"
Add component (AddParameter): Name = "Value"; Value = "240R"; VariantName = "[No Variations]"
Add component (AddParameter): Name = "ValueManufacturerPartNumber"; Value = "Resistor film, 240R, ±5%, 0603, 0.1W, -55...+125°C"; VariantName = "[No Variations]"
Added Component: Designator=TP1(TestPoint(1mm_HS))
Added Component: Designator=TP2(TestPoint(1mm_HS))
Added Component: Designator=TP3(TestPoint(1mm_HS))
Added Component: Designator=TP4(TestPoint(1mm_HS))
Added Pin To Net: NetName=+U Pin=R5-2
Added Pin To Net: NetName=+U Pin=R6-2
Added Pin To Net: NetName=+U Pin=TP1-1
Added Net: Name=+U
Added Pin To Net: NetName=-U Pin=C1-1
Added Pin To Net: NetName=-U Pin=DD1-1
Added Pin To Net: NetName=-U Pin=DD1-13
Added Pin To Net: NetName=-U Pin=TP2-1
Added Net: Name=-U
Added Pin To Net: NetName=BAT+ Pin=C1-2
Added Pin To Net: NetName=BAT+ Pin=DD1-2
Added Pin To Net: NetName=BAT+ Pin=DD1-3
Added Pin To Net: NetName=BAT+ Pin=DD1-12
Added Pin To Net: NetName=BAT+ Pin=R1-2
Added Pin To Net: NetName=BAT+ Pin=R2-2
Added Pin To Net: NetName=BAT+ Pin=R3-1
Added Pin To Net: NetName=BAT+ Pin=R4-1
Added Net: Name=BAT+
Added Pin To Net: NetName=BAT_IN+ Pin=DD1-8
Added Pin To Net: NetName=BAT_IN+ Pin=DD1-9
Added Pin To Net: NetName=BAT_IN+ Pin=DD1-10
Added Pin To Net: NetName=BAT_IN+ Pin=DD1-11
Added Net: Name=BAT_IN+
Added Pin To Net: NetName=NetDD1_4 Pin=DD1-4
Added Pin To Net: NetName=NetDD1_4 Pin=R2-1
Added Pin To Net: NetName=NetDD1_4 Pin=R8-1
Added Net: Name=NetDD1_4
Added Pin To Net: NetName=NetDD1_5 Pin=DD1-5
Added Pin To Net: NetName=NetDD1_5 Pin=R1-1
Added Pin To Net: NetName=NetDD1_5 Pin=R7-1
Added Net: Name=NetDD1_5
Added Pin To Net: NetName=NetR3_2 Pin=R3-2
Added Pin To Net: NetName=NetR3_2 Pin=R5-1
Added Net: Name=NetR3_2
Added Pin To Net: NetName=NetR4_2 Pin=R4-2
Added Pin To Net: NetName=NetR4_2 Pin=R6-1
Added Net: Name=NetR4_2
Added Pin To Net: NetName=SCL Pin=R8-2
Added Pin To Net: NetName=SCL Pin=TP3-1
Added Net: Name=SCL
Added Pin To Net: NetName=SDA Pin=R7-2
Added Pin To Net: NetName=SDA Pin=TP4-1
Added Net: Name=SDA
Added Class: Name=biv2-batb_1a
Added Room: Name=biv2-batb_1a
