Change Component Description : Designator=VD5 Old Description=EIA RS-485 ±7V ±12V New Description=EIA RS-485 ±7V ±12V 
Change component parameters: Designator = "FU1" ("FU1"); Footprint = "FUSE: 0603"; UniqueID = "\GXVRARDQ\HTSOVVHO" ("\GXVRARDQ\HTSOVVHO")
Change component parameters (AddParameter): Name = "HelpURL"; Value = "https://www.digikey.com/products/en?keywords=01110501Z"; VariantName = "[No Variations]"
Change component parameters (AddParameter): Name = "Manufacturer"; Value = "Littelfuse"; VariantName = "[No Variations]"
Change component parameters (AddParameter): Name = "MaxCurrent"; Value = ""; VariantName = "[No Variations]"
Change component parameters (AddParameter): Name = "Package"; Value = "5x20mm"; VariantName = "[No Variations]"
Change component parameters (AddParameter): Name = "PartNumber"; Value = "01110501Z"; VariantName = "[No Variations]"
Change component parameters (AddParameter): Name = "TypeFuse"; Value = "Electromechanics relay"; VariantName = "[No Variations]"
Change component parameters (AddParameter): Name = "ValueManufacturerPartNumber"; Value = "Electromechanics relay, 250VAC, , 5x20mm, "; VariantName = "[No Variations]"
Change component parameters (AddParameter): Name = "VoltageMax"; Value = "250VAC"; VariantName = "[No Variations]"
Change component parameters: Designator = "FU2" ("FU2"); Footprint = "FUSE: 0603"; UniqueID = "\GXVRARDQ\KZVJTOHC" ("\GXVRARDQ\KZVJTOHC")
Change component parameters (AddParameter): Name = "HelpURL"; Value = "https://www.digikey.com/products/en?keywords=01110501Z"; VariantName = "[No Variations]"
Change component parameters (AddParameter): Name = "Manufacturer"; Value = "Littelfuse"; VariantName = "[No Variations]"
Change component parameters (AddParameter): Name = "MaxCurrent"; Value = ""; VariantName = "[No Variations]"
Change component parameters (AddParameter): Name = "Package"; Value = "5x20mm"; VariantName = "[No Variations]"
Change component parameters (AddParameter): Name = "PartNumber"; Value = "01110501Z"; VariantName = "[No Variations]"
Change component parameters (AddParameter): Name = "TypeFuse"; Value = "Electromechanics relay"; VariantName = "[No Variations]"
Change component parameters (AddParameter): Name = "ValueManufacturerPartNumber"; Value = "Electromechanics relay, 250VAC, , 5x20mm, "; VariantName = "[No Variations]"
Change component parameters (AddParameter): Name = "VoltageMax"; Value = "250VAC"; VariantName = "[No Variations]"
Added Room: Name=MCU
Added Room: Name=Power
Added Room: Name=S1
Added Room: Name=S2
Added Room: Name=S3
