Added Component: Designator=DD7(ST50H)
Added Pin To Net: NetName=SWDIO Pin=DD7-1
Added Pin To Net: NetName=SWCLK Pin=DD7-2
Added Pin To Net: NetName=1V8 Pin=DD7-3
Added Pin To Net: NetName=NetDD7_4 Pin=DD7-4
Added Pin To Net: NetName=NetDD7_6 Pin=DD7-6
Added Pin To Net: NetName=1V8 Pin=DD7-7
Added Pin To Net: NetName=NetDD7_9 Pin=DD7-9
Added Pin To Net: NetName=NetC21_2 Pin=DD7-10
Added Pin To Net: NetName=1V8 Pin=DD7-11
Added Pin To Net: NetName=GND Pin=DD7-12
Added Pin To Net: NetName=NetDD7_13 Pin=DD7-13
Added Pin To Net: NetName=NetDD7_21 Pin=DD7-21
Added Pin To Net: NetName=NetDD7_22 Pin=DD7-22
Added Pin To Net: NetName=GND Pin=DD7-28
Added Pin To Net: NetName=RxLoRa Pin=DD7-29
Added Pin To Net: NetName=TxLoRa Pin=DD7-30
Added Pin To Net: NetName=NetDD7_32 Pin=DD7-32
Added Pin To Net: NetName=NetDD7_33 Pin=DD7-33
Added Pin To Net: NetName=NetDD7_34 Pin=DD7-34
Added Pin To Net: NetName=GND Pin=DD7-35
Added Pin To Net: NetName=GND Pin=DD7-36
Added Pin To Net: NetName=RF_ANT Pin=DD7-37
Added Pin To Net: NetName=GND Pin=DD7-38
Added Pin To Net: NetName=GND Pin=DD7-39
Added Pin To Net: NetName=nRST Pin=DD7-44
Added Pin To Net: NetName=GND Pin=DD7-46
Added Pin To Net: NetName=GND Pin=DD7-47
Added Pin To Net: NetName=NetDD7_50 Pin=DD7-50
Added Pin To Net: NetName=NetDD7_51 Pin=DD7-51
Added Pin To Net: NetName=GND Pin=DD7-52
Added Pin To Net: NetName=1V8 Pin=DD7-53
Added Pin To Net: NetName=1V8 Pin=DD7-54
Added Pin To Net: NetName=1V8 Pin=DD7-55
Added Pin To Net: NetName=GND Pin=DD7-56
Added Pin To Net: NetName=NetDD7_59 Pin=DD7-59
Added Pin To Net: NetName=NetDD7_60 Pin=DD7-60
Added Pin To Net: NetName=NetDD7_61 Pin=DD7-61
Added Pin To Net: NetName=NetDD7_62 Pin=DD7-62
Added Pin To Net: NetName=GND Pin=DD7-65
Added Pin To Net: NetName=GND Pin=DD7-65
Added Pin To Net: NetName=GND Pin=DD7-65
Added Pin To Net: NetName=GND Pin=DD7-65
Added Pin To Net: NetName=GND Pin=DD7-65
Added Pin To Net: NetName=GND Pin=DD7-65
Added Pin To Net: NetName=GND Pin=DD7-65
Added Pin To Net: NetName=GND Pin=DD7-65
Added Pin To Net: NetName=GND Pin=DD7-65
Added Member To Class: ClassName=LoraModule Member=Component DD7 ST50H
