Removed Pin From Net: NetName=NetDA1_1 Pin=XS2-1
Removed Pin From Net: NetName=VDD Pin=XS5-1
Removed Member From Class: ClassName=Sheet1 Member=XS2
Removed Member From Class: ClassName=Sheet1 Member=XS3
Removed Member From Class: ClassName=Sheet1 Member=XS4
Removed Member From Class: ClassName=Sheet1 Member=XS5
Removed Member From Class: ClassName=Sheet1 Member=XS6
Removed Member From Class: ClassName=Sheet1 Member=XS7
Removed Member From Class: ClassName=Sheet1 Member=XS8
Removed Member From Class: ClassName=Sheet1 Member=XS9
Change Net Name : Old Net Name=NetDA1_1 New Net Name=DC_EN
Change Net Name : Old Net Name=VDD New Net Name=+U
Added Pin To Net: NetName=DE Pin=DD1-3
Added Net: Name=DE
Added Pin To Net: NetName=RE Pin=DD1-2
Added Net: Name=RE
Added Pin To Net: NetName=RX Pin=DA1-10
Added Pin To Net: NetName=RX Pin=DD1-1
Added Net: Name=RX
Added Pin To Net: NetName=SCL_BAT Pin=XS13-1
Added Net: Name=SCL_BAT
Added Pin To Net: NetName=SDA_BAT Pin=XS12-1
Added Net: Name=SDA_BAT
Added Pin To Net: NetName=TX Pin=DA1-6
Added Pin To Net: NetName=TX Pin=DD1-4
Added Net: Name=TX
Added Room: Name=Sheet1
