C51 COMPILER V9.60.0.0   DEMO_MAIN                                                         02/02/2022 16:58:10 PAGE 1   


C51 COMPILER V9.60.0.0, COMPILATION OF MODULE DEMO_MAIN
OBJECT MODULE PLACED IN .\src\Demo_main.OBJ
COMPILER INVOKED BY: C:\SiliconLabs\SimplicityStudio\v5\developer\toolchains\keil_8051\9.60\BIN\C51.exe E:\Work\LoRa\Fir
                    -mware\Demo\src\Demo_main.c OMF2 SMALL DEBUG OBJECTEXTEND ROM(LARGE) WARNINGLEVEL(2) FLOATFUZZY(3) OPTIMIZE(8,SPEED) DEFI
                    -NE(DEBUG=1) INTVECTOR(0X0000) INTPROMOTE INCDIR(E:\Work\LoRa\Firmware\Demo\inc;C:/SiliconLabs/SimplicityStudio/v5/develo
                    -per/sdks/8051/v4.2.3//Device/shared/si8051Base;C:/SiliconLabs/SimplicityStudio/v5/developer/sdks/8051/v4.2.3//Device/EFM
                    -8BB3/inc) PRINT(.\src\Demo_main.lst) COND PAGEWIDTH(120) PAGELENGTH(65) OBJECT(.\src\Demo_main.OBJ)

line level    source

   1          //=========================================================
   2          // src/Demo_main.c: generated by Hardware Configurator
   3          //
   4          // This file will be updated when saving a document.
   5          // leave the sections inside the "$[...]" comment tags alone
   6          // or they will be overwritten!!
   7          //=========================================================
   8          //#define DEMO
   9          //-----------------------------------------------------------------------------
  10          // Includes
  11          //-----------------------------------------------------------------------------
  12          #include <SI_EFM8BB3_Register_Enums.h>                  // SFR declarations
  13          #include "InitDevice.h"
  14          // $[Generated Includes]
  15          // [Generated Includes]$
  16          
  17          void
  18          delay (uint32_t count)
  19          {
  20   1        uint32_t n = 0;
  21   1        while (n < count)
  22   1          n++;
  23   1      }
  24          
  25          //-----------------------------------------------------------------------------
  26          // SiLabs_Startup() Routine
  27          // ----------------------------------------------------------------------------
  28          // This function is called immediately after reset, before the initialization
  29          // code is run in SILABS_STARTUP.A51 (which runs before main() ). This is a
  30          // useful place to disable the watchdog timer, which is enable by default
  31          // and may trigger before main() in some instances.
  32          //-----------------------------------------------------------------------------
  33          void
  34          SiLabs_Startup (void)
  35          {
  36   1        // $[SiLabs Startup]
  37   1        // [SiLabs Startup]$
  38   1      }
  39          
  40          //-----------------------------------------------------------------------------
  41          // main() Routine
  42          
  43          // ----------------------------------------------------------------------------
  44          int
  45          main (void)
  46          {
  47   1        // Call hardware initialization routine
  48   1        enter_DefaultMode_from_RESET ();
  49   1      
  50   1        while (1)
  51   1          {
  52   2      
C51 COMPILER V9.60.0.0   DEMO_MAIN                                                         02/02/2022 16:58:10 PAGE 2   

  53   2      #ifdef DEMO
              
                    //Status
              
                    uint8_t i = 0;
              
                    for (i = 0; i < 2; i++)
                      {
                        P3 = P3_B1__LOW;
                        delay (10000);
                        P3 = P3_B1__HIGH;
                        delay (10000);
                        P3 = P3_B1__LOW;
                      }
              
                    //Signal
              
                    SFRPAGE = 0x20;
              
                    P3 = P3_B0__LOW;
                    delay (10000);
                    P2 = P2_B6__LOW;
                    delay (10000);
                    P2 = P2_B5__LOW;
                    delay (10000);
              
                    //Battery
              
                    for (i = 0; i < 8; i++)
                      {
                        P2 = P2_B4__LOW;
                        delay (10000);
                        P2 = P2_B4__HIGH;
                        delay (10000);
                      }
              
                    //OFF/TPS_ON
              
                    P2 = P2_B3__HIGH|P2_B4__HIGH | P2_B5__HIGH | P2_B6__HIGH;
              
                    SFRPAGE = 0x20;
              
                    P3 = P3_B1__HIGH | P3_B0__HIGH;
              
                    delay (500000);
                    /*
              
                     delay(100000);
              
                     P2 = P2_B3__HIGH | P2_B4__HIGH | P2_B5__HIGH | P2_B6__HIGH;
              
                     P3=P3_B3__HIGH;
              
                     delay(100000);
              
                     P2 = P2_B3__LOW | P2_B4__LOW | P2_B5__LOW | P2_B6__LOW;
              
                     P3=P3_B3__LOW;
                     */
              #endif
 113   2      
 114   2      // $[Generated Run-time code]
 115   2      // [Generated Run-time code]$
C51 COMPILER V9.60.0.0   DEMO_MAIN                                                         02/02/2022 16:58:10 PAGE 3   

 116   2          }
 117   1      }


MODULE INFORMATION:   STATIC OVERLAYABLE
   CODE SIZE        =     69    ----
   CONSTANT SIZE    =   ----    ----
   XDATA SIZE       =   ----    ----
   PDATA SIZE       =   ----    ----
   DATA SIZE        =   ----       8
   IDATA SIZE       =   ----    ----
   BIT SIZE         =   ----    ----
   EDATA SIZE       =   ----    ----
   HDATA SIZE       =   ----    ----
   XDATA CONST SIZE =   ----    ----
   FAR CONST SIZE   =   ----    ----
END OF MODULE INFORMATION.


C51 COMPILATION COMPLETE.  0 WARNING(S),  0 ERROR(S)
