C51 COMPILER V9.60.0.0   INITDEVICE                                                        02/02/2022 16:58:10 PAGE 1   


C51 COMPILER V9.60.0.0, COMPILATION OF MODULE INITDEVICE
OBJECT MODULE PLACED IN .\src\InitDevice.OBJ
COMPILER INVOKED BY: C:\SiliconLabs\SimplicityStudio\v5\developer\toolchains\keil_8051\9.60\BIN\C51.exe E:\Work\LoRa\Fir
                    -mware\Demo\src\InitDevice.c OMF2 SMALL DEBUG OBJECTEXTEND ROM(LARGE) WARNINGLEVEL(2) FLOATFUZZY(3) OPTIMIZE(8,SPEED) DEF
                    -INE(DEBUG=1) INTVECTOR(0X0000) INTPROMOTE INCDIR(E:\Work\LoRa\Firmware\Demo\inc;C:/SiliconLabs/SimplicityStudio/v5/devel
                    -oper/sdks/8051/v4.2.3//Device/shared/si8051Base;C:/SiliconLabs/SimplicityStudio/v5/developer/sdks/8051/v4.2.3//Device/EF
                    -M8BB3/inc) PRINT(.\src\InitDevice.lst) COND PAGEWIDTH(120) PAGELENGTH(65) OBJECT(.\src\InitDevice.OBJ)

line level    source

   1          //=========================================================
   2          // src/InitDevice.c: generated by Hardware Configurator
   3          //
   4          // This file will be regenerated when saving a document.
   5          // leave the sections inside the "$[...]" comment tags alone
   6          // or they will be overwritten!!
   7          //=========================================================
   8          
   9          // USER INCLUDES
  10          #include <SI_EFM8BB3_Register_Enums.h>
  11          #include "InitDevice.h"
  12          
  13          // USER PROTOTYPES
  14          // USER FUNCTIONS
  15          
  16          // $[Library Includes]
  17          // [Library Includes]$
  18          
  19          //==============================================================================
  20          // enter_DefaultMode_from_RESET
  21          //==============================================================================
  22          extern void
  23          enter_DefaultMode_from_RESET (void)
  24          {
  25   1        // $[Config Calls]
  26   1        // Save the SFRPAGE
  27   1        uint8_t SFRPAGE_save = SFRPAGE;
  28   1        WDT_0_enter_DefaultMode_from_RESET ();
  29   1        PORTS_0_enter_DefaultMode_from_RESET ();
  30   1        PORTS_1_enter_DefaultMode_from_RESET ();
  31   1        PORTS_2_enter_DefaultMode_from_RESET ();
  32   1        PORTS_3_enter_DefaultMode_from_RESET ();
  33   1        PBCFG_0_enter_DefaultMode_from_RESET ();
  34   1        // Restore the SFRPAGE
  35   1        SFRPAGE = SFRPAGE_save;
  36   1        // [Config Calls]$
  37   1      
  38   1      }
  39          
  40          extern void
  41          WDT_0_enter_DefaultMode_from_RESET (void)
  42          {
  43   1        // $[Watchdog Timer Init Variable Declarations]
  44   1        uint32_t i;
  45   1        bool ea;
  46   1        // [Watchdog Timer Init Variable Declarations]$
  47   1      
  48   1        // $[WDTCN - Watchdog Timer Control]
  49   1        // Deprecated
  50   1        // [WDTCN - Watchdog Timer Control]$
  51   1      
  52   1        // $[WDTCN_2 - Watchdog Timer Control]
C51 COMPILER V9.60.0.0   INITDEVICE                                                        02/02/2022 16:58:10 PAGE 2   

  53   1        SFRPAGE = 0x00;
  54   1      
  55   1        // Feed WDT timer before disabling (Erratum WDT_E102)
  56   1        WDTCN = 0xA5;
  57   1      
  58   1        // Add 2 LFO cycle delay before disabling WDT (Erratum WDT_E102)
  59   1        for (i = 0; i < (2 * 3062500UL) / (80000 * 3); i++)
  60   1          {
  61   2            NOP ();
  62   2          }
  63   1      
  64   1        // Disable WDT
  65   1        ea = IE_EA;
  66   1        IE_EA = 0;
  67   1        WDTCN = 0xDE;
  68   1        WDTCN = 0xAD;
  69   1        IE_EA = ea;
  70   1      
  71   1        // [WDTCN_2 - Watchdog Timer Control]$
  72   1      
  73   1      }
  74          
  75          extern void
  76          PORTS_2_enter_DefaultMode_from_RESET (void)
  77          {
  78   1        // $[P2 - Port 2 Pin Latch]
  79   1        // [P2 - Port 2 Pin Latch]$
  80   1      
  81   1        // $[P2MDOUT - Port 2 Output Mode]
  82   1        /***********************************************************************
  83   1         - P2.0 output is open-drain
  84   1         - P2.1 output is open-drain
  85   1         - P2.2 output is open-drain
  86   1         - P2.3 output is push-pull
  87   1         - P2.4 output is push-pull
  88   1         - P2.5 output is push-pull
  89   1         - P2.6 output is push-pull
  90   1         ***********************************************************************/
  91   1        P2MDOUT = P2MDOUT_B0__OPEN_DRAIN | P2MDOUT_B1__OPEN_DRAIN
  92   1            | P2MDOUT_B2__OPEN_DRAIN | P2MDOUT_B3__PUSH_PULL | P2MDOUT_B4__PUSH_PULL
  93   1            | P2MDOUT_B5__PUSH_PULL | P2MDOUT_B6__PUSH_PULL;
  94   1        // [P2MDOUT - Port 2 Output Mode]$
  95   1      
  96   1        // $[P2MDIN - Port 2 Input Mode]
  97   1        // [P2MDIN - Port 2 Input Mode]$
  98   1      
  99   1        // $[P2SKIP - Port 2 Skip]
 100   1        // [P2SKIP - Port 2 Skip]$
 101   1      
 102   1        // $[P2MASK - Port 2 Mask]
 103   1        // [P2MASK - Port 2 Mask]$
 104   1      
 105   1        // $[P2MAT - Port 2 Match]
 106   1        // [P2MAT - Port 2 Match]$
 107   1      
 108   1      }
 109          
 110          extern void
 111          PBCFG_0_enter_DefaultMode_from_RESET (void)
 112          {
 113   1        // $[XBR2 - Port I/O Crossbar 2]
 114   1        /***********************************************************************
 115   1         - Weak Pullups enabled 
C51 COMPILER V9.60.0.0   INITDEVICE                                                        02/02/2022 16:58:10 PAGE 3   

 116   1         - Crossbar enabled
 117   1         - UART1 I/O unavailable at Port pin
 118   1         - UART1 RTS1 unavailable at Port pin
 119   1         - UART1 CTS1 unavailable at Port pin
 120   1         ***********************************************************************/
 121   1        SFRPAGE = 0x00;
 122   1        XBR2 = XBR2_WEAKPUD__PULL_UPS_ENABLED | XBR2_XBARE__ENABLED
 123   1            | XBR2_URT1E__DISABLED | XBR2_URT1RTSE__DISABLED
 124   1            | XBR2_URT1CTSE__DISABLED;
 125   1        // [XBR2 - Port I/O Crossbar 2]$
 126   1      
 127   1        // $[PRTDRV - Port Drive Strength]
 128   1        // [PRTDRV - Port Drive Strength]$
 129   1      
 130   1        // $[XBR0 - Port I/O Crossbar 0]
 131   1        // [XBR0 - Port I/O Crossbar 0]$
 132   1      
 133   1        // $[XBR1 - Port I/O Crossbar 1]
 134   1        // [XBR1 - Port I/O Crossbar 1]$
 135   1      
 136   1      }
 137          
 138          extern void
 139          PORTS_3_enter_DefaultMode_from_RESET (void)
 140          {
 141   1        // $[P3 - Port 3 Pin Latch]
 142   1        /***********************************************************************
 143   1         - P3.0 is high. Set P3.0 to drive or float high
 144   1         - P3.1 is low. Set P3.1 to drive low
 145   1         - P3.2 is high. Set P3.2 to drive or float high
 146   1         - P3.3 is high. Set P3.3 to drive or float high
 147   1         - P3.4 is high. Set P3.4 to drive or float high
 148   1         - P3.7 is high. Set P3.7 to drive or float high
 149   1         ***********************************************************************/
 150   1        P3 = P3_B0__HIGH | P3_B1__LOW | P3_B2__HIGH | P3_B3__HIGH | P3_B4__HIGH
 151   1            | P3_B7__HIGH;
 152   1        // [P3 - Port 3 Pin Latch]$
 153   1      
 154   1        // $[P3MDOUT - Port 3 Output Mode]
 155   1        /***********************************************************************
 156   1         - P3.0 output is push-pull
 157   1         - P3.1 output is push-pull
 158   1         - P3.2 output is open-drain
 159   1         - P3.3 output is open-drain
 160   1         - P3.4 output is open-drain
 161   1         - P3.7 output is open-drain
 162   1         ***********************************************************************/
 163   1        SFRPAGE = 0x20;
 164   1        P3MDOUT = P3MDOUT_B0__PUSH_PULL | P3MDOUT_B1__PUSH_PULL
 165   1            | P3MDOUT_B2__OPEN_DRAIN | P3MDOUT_B3__OPEN_DRAIN | P3MDOUT_B4__OPEN_DRAIN
 166   1            | P3MDOUT_B7__OPEN_DRAIN;
 167   1        // [P3MDOUT - Port 3 Output Mode]$
 168   1      
 169   1        // $[P3MDIN - Port 3 Input Mode]
 170   1        // [P3MDIN - Port 3 Input Mode]$
 171   1      
 172   1      }
 173          
 174          extern void
 175          PORTS_1_enter_DefaultMode_from_RESET (void)
 176          {
 177   1        // $[P1 - Port 1 Pin Latch]
 178   1        /***********************************************************************
C51 COMPILER V9.60.0.0   INITDEVICE                                                        02/02/2022 16:58:10 PAGE 4   

 179   1         - P1.0 is high. Set P1.0 to drive or float high
 180   1         - P1.1 is high. Set P1.1 to drive or float high
 181   1         - P1.2 is high. Set P1.2 to drive or float high
 182   1         - P1.3 is high. Set P1.3 to drive or float high
 183   1         - P1.4 is high. Set P1.4 to drive or float high
 184   1         - P1.5 is high. Set P1.5 to drive or float high
 185   1         - P1.6 is low. Set P1.6 to drive low
 186   1         - P1.7 is low. Set P1.7 to drive low
 187   1         ***********************************************************************/
 188   1        P1 = P1_B0__HIGH | P1_B1__HIGH | P1_B2__HIGH | P1_B3__HIGH | P1_B4__HIGH
 189   1            | P1_B5__HIGH | P1_B6__LOW | P1_B7__LOW;
 190   1        // [P1 - Port 1 Pin Latch]$
 191   1      
 192   1        // $[P1MDOUT - Port 1 Output Mode]
 193   1        /***********************************************************************
 194   1         - P1.0 output is open-drain
 195   1         - P1.1 output is open-drain
 196   1         - P1.2 output is open-drain
 197   1         - P1.3 output is open-drain
 198   1         - P1.4 output is open-drain
 199   1         - P1.5 output is open-drain
 200   1         - P1.6 output is push-pull
 201   1         - P1.7 output is push-pull
 202   1         ***********************************************************************/
 203   1        P1MDOUT = P1MDOUT_B0__OPEN_DRAIN | P1MDOUT_B1__OPEN_DRAIN
 204   1            | P1MDOUT_B2__OPEN_DRAIN | P1MDOUT_B3__OPEN_DRAIN | P1MDOUT_B4__OPEN_DRAIN
 205   1            | P1MDOUT_B5__OPEN_DRAIN | P1MDOUT_B6__PUSH_PULL | P1MDOUT_B7__PUSH_PULL;
 206   1        // [P1MDOUT - Port 1 Output Mode]$
 207   1      
 208   1        // $[P1MDIN - Port 1 Input Mode]
 209   1        // [P1MDIN - Port 1 Input Mode]$
 210   1      
 211   1        // $[P1SKIP - Port 1 Skip]
 212   1        // [P1SKIP - Port 1 Skip]$
 213   1      
 214   1        // $[P1MASK - Port 1 Mask]
 215   1        // [P1MASK - Port 1 Mask]$
 216   1      
 217   1        // $[P1MAT - Port 1 Match]
 218   1        // [P1MAT - Port 1 Match]$
 219   1      
 220   1      }
 221          
 222          extern void
 223          PORTS_0_enter_DefaultMode_from_RESET (void)
 224          {
 225   1        // $[P0 - Port 0 Pin Latch]
 226   1        /***********************************************************************
 227   1         - P0.0 is high. Set P0.0 to drive or float high
 228   1         - P0.1 is high. Set P0.1 to drive or float high
 229   1         - P0.2 is high. Set P0.2 to drive or float high
 230   1         - P0.3 is high. Set P0.3 to drive or float high
 231   1         - P0.4 is high. Set P0.4 to drive or float high
 232   1         - P0.5 is high. Set P0.5 to drive or float high
 233   1         - P0.6 is high. Set P0.6 to drive or float high
 234   1         - P0.7 is low. Set P0.7 to drive low
 235   1         ***********************************************************************/
 236   1        P0 = P0_B0__HIGH | P0_B1__HIGH | P0_B2__HIGH | P0_B3__HIGH | P0_B4__HIGH
 237   1            | P0_B5__HIGH | P0_B6__HIGH | P0_B7__LOW;
 238   1        // [P0 - Port 0 Pin Latch]$
 239   1      
 240   1        // $[P0MDOUT - Port 0 Output Mode]
 241   1        /***********************************************************************
C51 COMPILER V9.60.0.0   INITDEVICE                                                        02/02/2022 16:58:10 PAGE 5   

 242   1         - P0.0 output is open-drain
 243   1         - P0.1 output is open-drain
 244   1         - P0.2 output is open-drain
 245   1         - P0.3 output is open-drain
 246   1         - P0.4 output is open-drain
 247   1         - P0.5 output is open-drain
 248   1         - P0.6 output is push-pull
 249   1         - P0.7 output is push-pull
 250   1         ***********************************************************************/
 251   1        P0MDOUT = P0MDOUT_B0__OPEN_DRAIN | P0MDOUT_B1__OPEN_DRAIN
 252   1            | P0MDOUT_B2__OPEN_DRAIN | P0MDOUT_B3__OPEN_DRAIN | P0MDOUT_B4__OPEN_DRAIN
 253   1            | P0MDOUT_B5__OPEN_DRAIN | P0MDOUT_B6__PUSH_PULL | P0MDOUT_B7__PUSH_PULL;
 254   1        // [P0MDOUT - Port 0 Output Mode]$
 255   1      
 256   1        // $[P0MDIN - Port 0 Input Mode]
 257   1        // [P0MDIN - Port 0 Input Mode]$
 258   1      
 259   1        // $[P0SKIP - Port 0 Skip]
 260   1        // [P0SKIP - Port 0 Skip]$
 261   1      
 262   1        // $[P0MASK - Port 0 Mask]
 263   1        // [P0MASK - Port 0 Mask]$
 264   1      
 265   1        // $[P0MAT - Port 0 Match]
 266   1        // [P0MAT - Port 0 Match]$
 267   1      
 268   1      }
 269          


MODULE INFORMATION:   STATIC OVERLAYABLE
   CODE SIZE        =    135    ----
   CONSTANT SIZE    =   ----    ----
   XDATA SIZE       =   ----    ----
   PDATA SIZE       =   ----    ----
   DATA SIZE        =   ----       5
   IDATA SIZE       =   ----    ----
   BIT SIZE         =   ----       1
   EDATA SIZE       =   ----    ----
   HDATA SIZE       =   ----    ----
   XDATA CONST SIZE =   ----    ----
   FAR CONST SIZE   =   ----    ----
END OF MODULE INFORMATION.


C51 COMPILATION COMPLETE.  0 WARNING(S),  0 ERROR(S)
