Added Component: Designator=DA5(SOT23-5)
Added Component: Designator=DA7(SC-70-5)
Added Component: Designator=DD1(SC-70-6)
Added Component: Designator=KT1(1mm PAD)
Added Component: Designator=KT2(1mm PAD)
Added Component: Designator=KT3(1mm PAD)
Added Component: Designator=KT4(1mm PAD)
Added Component: Designator=KT5(1mm PAD)
Added Component: Designator=KT6(1mm PAD)
Added Component: Designator=KT7(1mm PAD)
Added Component: Designator=KT8(1mm PAD)
Added Component: Designator=KT9(1mm PAD)
Added Component: Designator=KT10(1mm PAD)
Added Component: Designator=KT11(1mm PAD)
Added Component: Designator=KT12(1mm PAD)
Added Component: Designator=R1(RESC1608(0603)X04L)
Added Component: Designator=R2(RESC1608(0603)X04L)
Added Component: Designator=R3(RESC1608(0603)X04L)
Added Component: Designator=R4(RESC1608(0603)X04L)
Added Component: Designator=R5(RESC1608(0603)X04L)
Added Component: Designator=R6(RESC1608(0603)X04L)
Added Component: Designator=R7(RESC1608(0603)X04L)
Added Component: Designator=R8(RESC1608(0603)X04L)
Added Component: Designator=R9(RESC1608(0603)X04L)
Added Component: Designator=R10(RESC1608(0603)X04L)
Added Component: Designator=R11(RESC1608(0603)X04L)
Added Component: Designator=R12(RESC1608(0603)X04L)
Added Component: Designator=R13(RESC1608(0603)X04L)
Added Component: Designator=R14(RESC1608(0603)X04L)
Added Component: Designator=R15(RESC1608(0603)X04L)
Added Component: Designator=R16(RESC1608(0603)X04L)
Added Component: Designator=R17(RESC1608(0603)X04L)
Added Component: Designator=R18(RESC1608(0603)X04L)
Added Component: Designator=R19(RESC1608(0603)X04L)
Added Component: Designator=R20(RESC1608(0603)X04L)
Added Component: Designator=R21(RESC1608(0603)X04L)
Added Component: Designator=R22(RESC1608(0603)X04L)
Added Component: Designator=R23(RESC1608(0603)X04L)
Added Component: Designator=R24(RESC1608(0603)X04L)
Added Component: Designator=R25(RESC1608(0603)X04L)
Added Component: Designator=R26(RESC1608(0603)X04L)
Added Component: Designator=R27(RESC1608(0603)X04L)
Added Component: Designator=R28(RESC1608(0603)X04L)
Added Component: Designator=R29(RESC1608(0603)X04L)
Added Component: Designator=R30(RESC1608(0603)X04L)
Added Component: Designator=R31(RESC1608(0603)X04L)
Added Component: Designator=R32(RESC1608(0603)X04L)
Added Component: Designator=R33(RESC1608(0603)X04L)
Added Component: Designator=R34(RESC1608(0603)X04L)
Added Component: Designator=R35(RESC1608(0603)X04L)
Added Component: Designator=R36(RESC1608(0603)X04L)
Added Component: Designator=R37(RESC1608(0603)X04L)
Added Component: Designator=R38(RESC1608(0603)X04L)
Added Component: Designator=R39(RESC1608(0603)X04L)
Added Component: Designator=R40(RESC1608(0603)X04L)
Added Component: Designator=R41(RESC1608(0603)X04L)
Added Component: Designator=R42(RESC1608(0603)X04L)
Added Component: Designator=R43(RESC1608(0603)X04L)
Added Component: Designator=R44(RESC1608(0603)X04L)
Added Component: Designator=R45(RESC1608(0603)X04L)
Added Component: Designator=R46(RESC1608(0603)X04L)
Added Component: Designator=R47(RESC1608(0603)X04L)
Added Component: Designator=R48(RESC1608(0603)X04L)
Added Component: Designator=TD2(1mm PAD)
Added Component: Designator=VT1(SC-70-6)
Added Component: Designator=VT2(SC-70-6)
Added Component: Designator=VT3(SC-70-6)
Added Component: Designator=VT4(SC-70-6)
Added Component: Designator=VT5(SC-70-6)
Added Component: Designator=VT6(SC-70-6)
Added Component: Designator=VT8(SC-70-6)
Added Pin To Net: NetName=VDD Pin=DA5-1
Added Pin To Net: NetName=GND Pin=DA5-2
Added Pin To Net: NetName=SLEEP Pin=DA5-3
Added Pin To Net: NetName=VA Pin=DA5-5
Added Pin To Net: NetName=GND Pin=DA7-2
Added Pin To Net: NetName=NetC33_2 Pin=DA7-4
Added Pin To Net: NetName=NetC35_2 Pin=DA7-5
Added Pin To Net: NetName=PULSE Pin=DD1-1
Added Pin To Net: NetName=MODE Pin=DD1-3
Added Pin To Net: NetName=NetDD1_4 Pin=DD1-4
Added Pin To Net: NetName=NetDD1_6 Pin=DD1-6
Added Pin To Net: NetName=NetDA1_4 Pin=KT1-0
Added Pin To Net: NetName=NetC4_2 Pin=KT2-0
Added Pin To Net: NetName=NetC24_1 Pin=KT3-0
Added Pin To Net: NetName=NetC12_2 Pin=KT4-0
Added Pin To Net: NetName=NetC14_2 Pin=KT5-0
Added Pin To Net: NetName=NetDA6_5 Pin=KT6-0
Added Pin To Net: NetName=NetDA6_15 Pin=KT7-0
Added Pin To Net: NetName=NetDD3_21 Pin=KT8-0
Added Pin To Net: NetName=NetDD3_18 Pin=KT9-0
Added Pin To Net: NetName=NetDD3_20 Pin=KT10-0
Added Pin To Net: NetName=NetDD3_19 Pin=KT11-0
Added Pin To Net: NetName=NetDD3_10 Pin=KT12-0
Added Pin To Net: NetName=VDD Pin=R1-1
Added Pin To Net: NetName=SDA/TD Pin=R1-2
Added Pin To Net: NetName=NetC2_2 Pin=R2-1
Added Pin To Net: NetName=NetDA1_1 Pin=R2-2
Added Pin To Net: NetName=NetR3_1 Pin=R3-1
Added Pin To Net: NetName=SDA/TD Pin=R3-2
Added Pin To Net: NetName=NetDA1_3 Pin=R4-1
Added Pin To Net: NetName=NetC2_1 Pin=R4-2
Added Pin To Net: NetName=NetC4_1 Pin=R5-1
Added Pin To Net: NetName=NetC1_1 Pin=R5-2
Added Pin To Net: NetName=GND Pin=R6-1
Added Pin To Net: NetName=NetR6_2 Pin=R6-2
Added Pin To Net: NetName=Net+U1_0 Pin=R7-1
Added Pin To Net: NetName=VDD Pin=R7-2
Added Pin To Net: NetName=NetDA1_4 Pin=R8-1
Added Pin To Net: NetName=NetDA1_3 Pin=R8-2
Added Pin To Net: NetName=NetC4_1 Pin=R9-1
Added Pin To Net: NetName=NetC4_2 Pin=R9-2
Added Pin To Net: NetName=VDD Pin=R10-1
Added Pin To Net: NetName=SCL Pin=R10-2
Added Pin To Net: NetName=NetC1_2 Pin=R11-1
Added Pin To Net: NetName=GND Pin=R11-2
Added Pin To Net: NetName=NetR12_1 Pin=R12-1
Added Pin To Net: NetName=SCL Pin=R12-2
Added Pin To Net: NetName=V1 Pin=R13-1
Added Pin To Net: NetName=NetC5_1 Pin=R13-2
Added Pin To Net: NetName=V1 Pin=R14-1
Added Pin To Net: NetName=NetC5_2 Pin=R14-2
Added Pin To Net: NetName=VA Pin=R15-1
Added Pin To Net: NetName=NetC8_1 Pin=R15-2
Added Pin To Net: NetName=V2 Pin=R16-1
Added Pin To Net: NetName=NetC8_1 Pin=R16-2
Added Pin To Net: NetName=NetC11_1 Pin=R17-1
Added Pin To Net: NetName=NetDA1_4 Pin=R17-2
Added Pin To Net: NetName=V2 Pin=R18-1
Added Pin To Net: NetName=NetC1_2 Pin=R18-2
Added Pin To Net: NetName=NetC11_1 Pin=R19-1
Added Pin To Net: NetName=NetC2_2 Pin=R19-2
Added Pin To Net: NetName=GND Pin=R20-1
Added Pin To Net: NetName=NetDA3_8 Pin=R20-2
Added Pin To Net: NetName=NetDA3_8 Pin=R21-1
Added Pin To Net: NetName=VDD Pin=R21-2
Added Pin To Net: NetName=NetC17_2 Pin=R22-1
Added Pin To Net: NetName=VDD Pin=R22-2
Added Pin To Net: NetName=NetC14_2 Pin=R23-1
Added Pin To Net: NetName=NetC11_2 Pin=R23-2
Added Pin To Net: NetName=NetC5_2 Pin=R24-1
Added Pin To Net: NetName=GND Pin=R24-2
Added Pin To Net: NetName=NetC5_1 Pin=R25-1
Added Pin To Net: NetName=VA Pin=R25-2
Added Pin To Net: NetName=NetC20_1 Pin=R26-1
Added Pin To Net: NetName=NetDA6_6 Pin=R26-2
Added Pin To Net: NetName=NetDA6_6 Pin=R27-1
Added Pin To Net: NetName=NetDA6_5 Pin=R27-2
Added Pin To Net: NetName=NetR28_1 Pin=R28-1
Added Pin To Net: NetName=NetR28_2 Pin=R28-2
Added Pin To Net: NetName=NetDA6_14 Pin=R29-1
Added Pin To Net: NetName=NetDA6_5 Pin=R29-2
Added Pin To Net: NetName=NetR30_1 Pin=R30-1
Added Pin To Net: NetName=NetR30_2 Pin=R30-2
Added Pin To Net: NetName=NetDA6_14 Pin=R31-1
Added Pin To Net: NetName=NetDA6_15 Pin=R31-2
Added Pin To Net: NetName=NetR32_1 Pin=R32-1
Added Pin To Net: NetName=NetDD1_4 Pin=R32-2
Added Pin To Net: NetName=NetC24_2 Pin=R33-1
Added Pin To Net: NetName=NetR30_2 Pin=R33-2
Added Pin To Net: NetName=NetDD3_18 Pin=R34-1
Added Pin To Net: NetName=NetDD3_21 Pin=R34-2
Added Pin To Net: NetName=NetDD3_19 Pin=R35-1
Added Pin To Net: NetName=NetDD3_20 Pin=R35-2
Added Pin To Net: NetName=NetC20_2 Pin=R36-1
Added Pin To Net: NetName=NetDD3_9 Pin=R36-2
Added Pin To Net: NetName=NetDD5_6 Pin=R37-1
Added Pin To Net: NetName=NetDD3_4 Pin=R37-2
Added Pin To Net: NetName=NetR38_1 Pin=R38-1
Added Pin To Net: NetName=MODE Pin=R38-2
Added Pin To Net: NetName=GND Pin=R39-1
Added Pin To Net: NetName=NetDD5_3 Pin=R39-2
Added Pin To Net: NetName=NetDD5_6 Pin=R40-1
Added Pin To Net: NetName=NetC34_1 Pin=R40-2
Added Pin To Net: NetName=NetR38_1 Pin=R41-1
Added Pin To Net: NetName=NetR41_2 Pin=R41-2
Added Pin To Net: NetName=RX0 Pin=R42-1
Added Pin To Net: NetName=VDD Pin=R42-2
Added Pin To Net: NetName=NetC34_1 Pin=R43-1
Added Pin To Net: NetName=VDD Pin=R43-2
Added Pin To Net: NetName=RX0 Pin=R44-1
Added Pin To Net: NetName=NetDD6_6 Pin=R44-2
Added Pin To Net: NetName=TX0 Pin=R45-1
Added Pin To Net: NetName=NetDD6_6 Pin=R45-2
Added Pin To Net: NetName=NetC35_2 Pin=R46-1
Added Pin To Net: NetName=GND Pin=R46-2
Added Pin To Net: NetName=GND Pin=R47-1
Added Pin To Net: NetName=NetDD6_7 Pin=R47-2
Added Pin To Net: NetName=VDD Pin=R48-1
Added Pin To Net: NetName=NetDD6_6 Pin=R48-2
Added Pin To Net: NetName=NetR12_1 Pin=TD2-0
Added Pin To Net: NetName=NetC6_1 Pin=VT1-1
Added Pin To Net: NetName=NetR6_2 Pin=VT1-2
Added Pin To Net: NetName=NetPWR1_0 Pin=VT1-3
Added Pin To Net: NetName=NetC6_1 Pin=VT1-4
Added Pin To Net: NetName=NetR6_2 Pin=VT1-5
Added Pin To Net: NetName=NetPWR1_0 Pin=VT1-6
Added Pin To Net: NetName=NetC17_2 Pin=VT2-1
Added Pin To Net: NetName=NetDD1_6 Pin=VT2-2
Added Pin To Net: NetName=NetC15_1 Pin=VT2-3
Added Pin To Net: NetName=NetC10_2 Pin=VT2-4
Added Pin To Net: NetName=NetC17_2 Pin=VT2-5
Added Pin To Net: NetName=NetC10_1 Pin=VT2-6
Added Pin To Net: NetName=GND Pin=VT3-1
Added Pin To Net: NetName=NetDD1_6 Pin=VT3-2
Added Pin To Net: NetName=NetC15_1 Pin=VT3-3
Added Pin To Net: NetName=GND Pin=VT3-4
Added Pin To Net: NetName=NetDD1_6 Pin=VT3-5
Added Pin To Net: NetName=NetC10_1 Pin=VT3-6
Added Pin To Net: NetName=NetC15_2 Pin=VT4-1
Added Pin To Net: NetName=NetC17_2 Pin=VT4-2
Added Pin To Net: NetName=NetC21_1 Pin=VT4-3
Added Pin To Net: NetName=NetC16_2 Pin=VT4-4
Added Pin To Net: NetName=NetC17_2 Pin=VT4-5
Added Pin To Net: NetName=NetC16_1 Pin=VT4-6
Added Pin To Net: NetName=GND Pin=VT5-1
Added Pin To Net: NetName=NetDD1_6 Pin=VT5-2
Added Pin To Net: NetName=NetC21_1 Pin=VT5-3
Added Pin To Net: NetName=GND Pin=VT5-4
Added Pin To Net: NetName=NetDD1_6 Pin=VT5-5
Added Pin To Net: NetName=NetC16_1 Pin=VT5-6
Added Pin To Net: NetName=NetC21_2 Pin=VT6-1
Added Pin To Net: NetName=NetC17_2 Pin=VT6-2
Added Pin To Net: NetName=NetR28_2 Pin=VT6-6
Added Pin To Net: NetName=GND Pin=VT8-1
Added Pin To Net: NetName=NetR32_1 Pin=VT8-2
Added Pin To Net: NetName=NetC24_2 Pin=VT8-3
Added Pin To Net: NetName=GND Pin=VT8-4
Added Pin To Net: NetName=MODE Pin=VT8-5
Added Pin To Net: NetName=NetR30_1 Pin=VT8-6
Added Member To Class: ClassName=ολο-u_2ρ Member=Component DA5 lp5907MFX
Added Member To Class: ClassName=ολο-u_2ρ Member=Component DA7 TPS71501
Added Member To Class: ClassName=ολο-u_2ρ Member=Component DD1 NC7WZ14P6X
Added Member To Class: ClassName=ολο-u_2ρ Member=Component KT1 Testpoint-TH-1mm
Added Member To Class: ClassName=ολο-u_2ρ Member=Component KT2 Testpoint-TH-1mm
Added Member To Class: ClassName=ολο-u_2ρ Member=Component KT3 Testpoint-TH-1mm
Added Member To Class: ClassName=ολο-u_2ρ Member=Component KT4 Testpoint-TH-1mm
Added Member To Class: ClassName=ολο-u_2ρ Member=Component KT5 Testpoint-TH-1mm
Added Member To Class: ClassName=ολο-u_2ρ Member=Component KT6 Testpoint-TH-1mm
Added Member To Class: ClassName=ολο-u_2ρ Member=Component KT7 Testpoint-TH-1mm
Added Member To Class: ClassName=ολο-u_2ρ Member=Component KT8 Testpoint-TH-1mm
Added Member To Class: ClassName=ολο-u_2ρ Member=Component KT9 Testpoint-TH-1mm
Added Member To Class: ClassName=ολο-u_2ρ Member=Component KT10 Testpoint-TH-1mm
Added Member To Class: ClassName=ολο-u_2ρ Member=Component KT11 Testpoint-TH-1mm
Added Member To Class: ClassName=ολο-u_2ρ Member=Component KT12 Testpoint-TH-1mm
Added Member To Class: ClassName=ολο-u_2ρ Member=Component R1 R0603L
Added Member To Class: ClassName=ολο-u_2ρ Member=Component R2 R0603L
Added Member To Class: ClassName=ολο-u_2ρ Member=Component R3 R0603L
Added Member To Class: ClassName=ολο-u_2ρ Member=Component R4 R0603L
Added Member To Class: ClassName=ολο-u_2ρ Member=Component R5 R0603L
Added Member To Class: ClassName=ολο-u_2ρ Member=Component R6 R0603L
Added Member To Class: ClassName=ολο-u_2ρ Member=Component R7 R0603L
Added Member To Class: ClassName=ολο-u_2ρ Member=Component R8 R0603L
Added Member To Class: ClassName=ολο-u_2ρ Member=Component R9 R0603L
Added Member To Class: ClassName=ολο-u_2ρ Member=Component R10 R0603L
Added Member To Class: ClassName=ολο-u_2ρ Member=Component R11 R0603L
Added Member To Class: ClassName=ολο-u_2ρ Member=Component R12 R0603L
Added Member To Class: ClassName=ολο-u_2ρ Member=Component R13 R0603L
Added Member To Class: ClassName=ολο-u_2ρ Member=Component R14 R0603L
Added Member To Class: ClassName=ολο-u_2ρ Member=Component R15 R0603L
Added Member To Class: ClassName=ολο-u_2ρ Member=Component R16 R0603L
Added Member To Class: ClassName=ολο-u_2ρ Member=Component R17 R0603L
Added Member To Class: ClassName=ολο-u_2ρ Member=Component R18 R0603L
Added Member To Class: ClassName=ολο-u_2ρ Member=Component R19 R0603L
Added Member To Class: ClassName=ολο-u_2ρ Member=Component R20 R0603L
Added Member To Class: ClassName=ολο-u_2ρ Member=Component R21 R0603L
Added Member To Class: ClassName=ολο-u_2ρ Member=Component R22 R0603L
Added Member To Class: ClassName=ολο-u_2ρ Member=Component R23 R0603L
Added Member To Class: ClassName=ολο-u_2ρ Member=Component R24 R0603L
Added Member To Class: ClassName=ολο-u_2ρ Member=Component R25 R0603L
Added Member To Class: ClassName=ολο-u_2ρ Member=Component R26 R0603L
Added Member To Class: ClassName=ολο-u_2ρ Member=Component R27 R0603L
Added Member To Class: ClassName=ολο-u_2ρ Member=Component R28 R0603L
Added Member To Class: ClassName=ολο-u_2ρ Member=Component R29 R0603L
Added Member To Class: ClassName=ολο-u_2ρ Member=Component R30 R0603L
Added Member To Class: ClassName=ολο-u_2ρ Member=Component R31 R0603L
Added Member To Class: ClassName=ολο-u_2ρ Member=Component R32 R0603L
Added Member To Class: ClassName=ολο-u_2ρ Member=Component R33 R0603L
Added Member To Class: ClassName=ολο-u_2ρ Member=Component R34 R0603L
Added Member To Class: ClassName=ολο-u_2ρ Member=Component R35 R0603L
Added Member To Class: ClassName=ολο-u_2ρ Member=Component R36 R0603L
Added Member To Class: ClassName=ολο-u_2ρ Member=Component R37 R0603L
Added Member To Class: ClassName=ολο-u_2ρ Member=Component R38 R0603L
Added Member To Class: ClassName=ολο-u_2ρ Member=Component R39 R0603L
Added Member To Class: ClassName=ολο-u_2ρ Member=Component R40 R0603L
Added Member To Class: ClassName=ολο-u_2ρ Member=Component R41 R0603L
Added Member To Class: ClassName=ολο-u_2ρ Member=Component R42 R0603L
Added Member To Class: ClassName=ολο-u_2ρ Member=Component R43 R0603L
Added Member To Class: ClassName=ολο-u_2ρ Member=Component R44 R0603L
Added Member To Class: ClassName=ολο-u_2ρ Member=Component R45 R0603L
Added Member To Class: ClassName=ολο-u_2ρ Member=Component R46 R0603L
Added Member To Class: ClassName=ολο-u_2ρ Member=Component R47 0
Added Member To Class: ClassName=ολο-u_2ρ Member=Component R48 0
Added Member To Class: ClassName=ολο-u_2ρ Member=Component TD2 Testpoint-TH-1mm
Added Member To Class: ClassName=ολο-u_2ρ Member=Component VT1 BSS84AKS
Added Member To Class: ClassName=ολο-u_2ρ Member=Component VT2 BSS84AKS
Added Member To Class: ClassName=ολο-u_2ρ Member=Component VT3 BSS138PS
Added Member To Class: ClassName=ολο-u_2ρ Member=Component VT4 BSS84AKS
Added Member To Class: ClassName=ολο-u_2ρ Member=Component VT5 BSS138PS
Added Member To Class: ClassName=ολο-u_2ρ Member=Component VT6 BSS84AKS
Added Member To Class: ClassName=ολο-u_2ρ Member=Component VT8 BSS138PS
