Change Component Designator: Old Designator=+U New Designator=+U1
Change Component Designator: Old Designator=A New Designator=A1
Change Component Designator: Old Designator=B New Designator=B1
Change Component Designator: Old Designator=BQ? New Designator=BQ1
Change Component Designator: Old Designator=C1 New Designator=C17
Change Component Designator: Old Designator=C2 New Designator=C10
Change Component Designator: Old Designator=C5 New Designator=C13
Change Component Designator: Old Designator=C6 New Designator=C15
Change Component Designator: Old Designator=C8 New Designator=C16
Change Component Designator: Old Designator=C12 New Designator=C21
Change Component Designator: Old Designator=C15 New Designator=C22
Change Component Designator: Old Designator=C16 New Designator=C23
Change Component Designator: Old Designator=C17 New Designator=C24
Change Component Designator: Old Designator=C19 New Designator=C6
Change Component Designator: Old Designator=C21 New Designator=C34
Change Component Designator: Old Designator=C21 New Designator=C38
Change Component Designator: Old Designator=C28 New Designator=C31
Change Component Designator: Old Designator=C28 New Designator=C36
Change Component Designator: Old Designator=C? New Designator=C1
Change Component Designator: Old Designator=C? New Designator=C2
Change Component Designator: Old Designator=C? New Designator=C3
Change Component Designator: Old Designator=C? New Designator=C4
Change Component Designator: Old Designator=C? New Designator=C5
Change Component Designator: Old Designator=C? New Designator=C7
Change Component Designator: Old Designator=C? New Designator=C8
Change Component Designator: Old Designator=C? New Designator=C9
Change Component Designator: Old Designator=C? New Designator=C11
Change Component Designator: Old Designator=C? New Designator=C12
Change Component Designator: Old Designator=C? New Designator=C14
Change Component Designator: Old Designator=C? New Designator=C18
Change Component Designator: Old Designator=C? New Designator=C19
Change Component Designator: Old Designator=C? New Designator=C20
Change Component Designator: Old Designator=C? New Designator=C25
Change Component Designator: Old Designator=C? New Designator=C26
Change Component Designator: Old Designator=C? New Designator=C27
Change Component Designator: Old Designator=C? New Designator=C28
Change Component Designator: Old Designator=C? New Designator=C29
Change Component Designator: Old Designator=C? New Designator=C30
Change Component Designator: Old Designator=C? New Designator=C32
Change Component Designator: Old Designator=C? New Designator=C33
Change Component Designator: Old Designator=C? New Designator=C35
Change Component Designator: Old Designator=C? New Designator=C37
Change Component Designator: Old Designator=DA? New Designator=DA6
Change Component Designator: Old Designator=DA? New Designator=DA6
Change Component Designator: Old Designator=DA? New Designator=DA1
Change Component Designator: Old Designator=DA? New Designator=DA2
Change Component Designator: Old Designator=DA? New Designator=DA3
Change Component Designator: Old Designator=DA? New Designator=DA4
Change Component Designator: Old Designator=DA? New Designator=DA5
Change Component Designator: Old Designator=DA? New Designator=DA7
Change Component Part ID : Designator=DD1 Old Part ID =1 New Part ID =2
Change Component Part ID : Designator=DD1 Old Part ID =2 New Part ID =1
Change Component Designator: Old Designator=DD2 New Designator=DD5
Change Component Designator: Old Designator=DD? New Designator=DD2
Change Component Designator: Old Designator=DD? New Designator=DD3
Change Component Designator: Old Designator=DD? New Designator=DD4
Change Component Designator: Old Designator=DD? New Designator=DD6
Change Component Designator: Old Designator=DD? New Designator=DD7
Change Component Designator: Old Designator=FU? New Designator=FU1
Change Component Designator: Old Designator=FU? New Designator=FU2
Change Component Designator: Old Designator=GND New Designator=GND1
Change Component Designator: Old Designator=KT? New Designator=KT1
Change Component Designator: Old Designator=KT? New Designator=KT2
Change Component Designator: Old Designator=KT? New Designator=KT3
Change Component Designator: Old Designator=KT? New Designator=KT4
Change Component Designator: Old Designator=KT? New Designator=KT5
Change Component Designator: Old Designator=KT? New Designator=KT6
Change Component Designator: Old Designator=KT? New Designator=KT7
Change Component Designator: Old Designator=KT? New Designator=KT8
Change Component Designator: Old Designator=KT? New Designator=KT9
Change Component Designator: Old Designator=KT? New Designator=KT10
Change Component Designator: Old Designator=KT? New Designator=KT11
Change Component Designator: Old Designator=KT? New Designator=KT12
Change Component Designator: Old Designator=L? New Designator=L1
Change Component Designator: Old Designator=PWR New Designator=PWR1
Change Component Designator: Old Designator=R1 New Designator=R28
Change Component Designator: Old Designator=R10 New Designator=R1
Change Component Designator: Old Designator=R14 New Designator=R3
Change Component Designator: Old Designator=R14 New Designator=R7
Change Component Designator: Old Designator=R14 New Designator=R12
Change Component Designator: Old Designator=R14 New Designator=R22
Change Component Designator: Old Designator=R14 New Designator=R30
Change Component Designator: Old Designator=R21 New Designator=R33
Change Component Designator: Old Designator=R22 New Designator=R32
Change Component Designator: Old Designator=R26 New Designator=R38
Change Component Designator: Old Designator=R28 New Designator=R37
Change Component Designator: Old Designator=R29 New Designator=R40
Change Component Designator: Old Designator=R30 New Designator=R39
Change Component Designator: Old Designator=R30 New Designator=R41
Change Component Designator: Old Designator=R31 New Designator=R43
Change Component Designator: Old Designator=R34 New Designator=R6
Change Component Designator: Old Designator=R34 New Designator=R42
Change Component Designator: Old Designator=R35 New Designator=R44
Change Component Designator: Old Designator=R35 New Designator=R46
Change Component Designator: Old Designator=R36 New Designator=R45
Change Component Designator: Old Designator=R37 New Designator=R47
Change Component Designator: Old Designator=R38 New Designator=R48
Change Component Designator: Old Designator=R? New Designator=R2
Change Component Designator: Old Designator=R? New Designator=R4
Change Component Designator: Old Designator=R? New Designator=R5
Change Component Designator: Old Designator=R? New Designator=R8
Change Component Designator: Old Designator=R? New Designator=R9
Change Component Designator: Old Designator=R? New Designator=R11
Change Component Designator: Old Designator=R? New Designator=R13
Change Component Designator: Old Designator=R? New Designator=R14
Change Component Designator: Old Designator=R? New Designator=R15
Change Component Designator: Old Designator=R? New Designator=R16
Change Component Designator: Old Designator=R? New Designator=R17
Change Component Designator: Old Designator=R? New Designator=R18
Change Component Designator: Old Designator=R? New Designator=R19
Change Component Designator: Old Designator=R? New Designator=R20
Change Component Designator: Old Designator=R? New Designator=R21
Change Component Designator: Old Designator=R? New Designator=R23
Change Component Designator: Old Designator=R? New Designator=R24
Change Component Designator: Old Designator=R? New Designator=R25
Change Component Designator: Old Designator=R? New Designator=R26
Change Component Designator: Old Designator=R? New Designator=R27
Change Component Designator: Old Designator=R? New Designator=R29
Change Component Designator: Old Designator=R? New Designator=R31
Change Component Designator: Old Designator=R? New Designator=R34
Change Component Designator: Old Designator=R? New Designator=R35
Change Component Designator: Old Designator=R? New Designator=R36
Change Component Designator: Old Designator=SW? New Designator=SW1
Change Component Designator: Old Designator=SW? New Designator=SW2
Change Component Designator: Old Designator=TD New Designator=TD1
Change Component Designator: Old Designator=TD New Designator=TD2
Change Component Designator: Old Designator=VD? New Designator=VD1
Change Component Designator: Old Designator=VD? New Designator=VD2
Change Component Designator: Old Designator=VD? New Designator=VD3
Change Component Designator: Old Designator=VD? New Designator=VD4
Change Component Designator: Old Designator=VD? New Designator=VD5
Change Component Designator: Old Designator=VD? New Designator=VD6
Change Component Designator: Old Designator=VD? New Designator=VD7
Change Component Designator: Old Designator=VD? New Designator=VD8
Change Component Designator: Old Designator=VD? New Designator=VD9
Change Component Designator: Old Designator=VD? New Designator=VD10
Change Component Designator: Old Designator=VT1 New Designator=VT2
Change Component Designator: Old Designator=VT1 New Designator=VT2
Change Component Designator: Old Designator=VT2 New Designator=VT3
Change Component Designator: Old Designator=VT2 New Designator=VT3
Change Component Designator: Old Designator=VT3 New Designator=VT4
Change Component Designator: Old Designator=VT3 New Designator=VT4
Change Component Designator: Old Designator=VT4 New Designator=VT5
Change Component Designator: Old Designator=VT4 New Designator=VT5
Change Component Designator: Old Designator=VT5 New Designator=VT6
Change Component Designator: Old Designator=VT7 New Designator=VT8
Change Component Designator: Old Designator=VT7 New Designator=VT8
Change Component Designator: Old Designator=VT9 New Designator=VT1
Change Component Part ID : Designator=VT1 Old Part ID =1 New Part ID =2
Change Component Designator: Old Designator=VT9 New Designator=VT1
Change Component Part ID : Designator=VT1 Old Part ID =2 New Part ID =1
Change Component Designator: Old Designator=VT? New Designator=VT7
Change Component Designator: Old Designator=XS? New Designator=XS3
