Removed Member From Class: ClassName=ολο-u_2b Member=XS12
Change Component Designator: OldDesignator=+U NewDesignator=+U1
Change Component Designator: OldDesignator=A NewDesignator=A1
Change Component Designator: OldDesignator=B NewDesignator=B1
Change Component Designator: OldDesignator=GND NewDesignator=GND1
Change Component Designator: OldDesignator=PWR NewDesignator=PWR1
Change Component Designator: OldDesignator=TD NewDesignator=TD1
Added Component: Designator=BQ1(AMPMG)
Added Component: Designator=C1(CAPC_0603(1608)X080L)
Added Component: Designator=C2(CAPC_0603(1608)X080L)
Added Component: Designator=C3(CAPC_0603(1608)X080L)
Added Component: Designator=C4(CAPC_0603(1608)X080L)
Added Component: Designator=C5(CAPC_0603(1608)X080L)
Added Component: Designator=C6(CAPC_0603(1608)X080L)
Added Component: Designator=C7(CAPC_0603(1608)X080L)
Added Component: Designator=C8(CAPC_0603(1608)X080L)
Added Component: Designator=C9(CAPC_0603(1608)X080L)
Added Component: Designator=C10(CAPC_0603(1608)X080L)
Added Component: Designator=C11(CAPC_0603(1608)X080L)
Added Component: Designator=C12(CAPC_0603(1608)X080L)
Added Component: Designator=C13(CAPC_0603(1608)X080L)
Added Component: Designator=C14(CAPC_0603(1608)X080L)
Added Component: Designator=C15(CAPC_0603(1608)X080L)
Added Component: Designator=C16(CAPC_0603(1608)X080L)
Added Component: Designator=C17(CAPC_0603(1608)X080L)
Added Component: Designator=C18(CAPC_0603(1608)X080L)
Added Component: Designator=C19(CAPC_0603(1608)X080L)
Added Component: Designator=C20(CAPC_0603(1608)X080L)
Added Component: Designator=C21(CAPC_0603(1608)X080L)
Added Component: Designator=C22(CAPC_0603(1608)X080L)
Added Component: Designator=C23(CAPC_0603(1608)X080L)
Added Component: Designator=C24(CAPC_0603(1608)X080L)
Added Component: Designator=C25(CAPC_0603(1608)X080L)
Added Component: Designator=C26(CAPC_0603(1608)X080L)
Added Component: Designator=C27(CAPC_0603(1608)X080L)
Added Component: Designator=C28(CAPC_0603(1608)X080L)
Added Component: Designator=C29(CAPC_0603(1608)X080L)
Added Component: Designator=C30(CAPC_0603(1608)X080L)
Added Component: Designator=C31(CAPC_0603(1608)X080L)
Added Component: Designator=C32(CAPC_0603(1608)X080L)
Added Component: Designator=C33(CAPC_0603(1608)X080L)
Added Component: Designator=C34(CAPC_0603(1608)X080L)
Added Component: Designator=C35(CAPC_0603(1608)X080L)
Added Component: Designator=C36(CAPC_0603(1608)X080L)
Added Component: Designator=C37(CAPC_1206(3216)X10L)
Added Component: Designator=C38(CAPC_0603(1608)X080L)
Added Component: Designator=DA1(SC-70-6)
Added Component: Designator=DA2(SOT23-6)
Added Component: Designator=DA3(PG-TSON-10)
Added Component: Designator=DA4(SOT23-6)
Added Component: Designator=DA5(SOT23-5)
Added Component: Designator=DA6(UQFN-16)
Added Component: Designator=DA7(SC-70-5)
Added Component: Designator=DD1(SC-70-6)
Added Component: Designator=DD2(SOT23-8)
Added Component: Designator=DD4(TSSOP-14)
Added Component: Designator=DD6(MSOP-8)
Added Component: Designator=DD7(TDFN-8_4υ4,5mm)
Added Component: Designator=FU1(0ZCM00xxFF2G)
Added Component: Designator=FU2(0ZCM00xxFF2G)
Added Component: Designator=KT1(1mm PAD)
Added Component: Designator=KT2(1mm PAD)
Added Component: Designator=KT3(1mm PAD)
Added Component: Designator=KT4(1mm PAD)
Added Component: Designator=KT5(1mm PAD)
Added Component: Designator=KT6(1mm PAD)
Added Component: Designator=KT7(1mm PAD)
Added Component: Designator=KT8(1mm PAD)
Added Component: Designator=KT9(1mm PAD)
Added Component: Designator=KT10(1mm PAD)
Added Component: Designator=KT11(1mm PAD)
Added Component: Designator=KT12(1mm PAD)
Added Component: Designator=L1(INDC_0603(1608)X045)
Added Component: Designator=R1(RESC1608(0603)X04L)
Added Component: Designator=R2(RESC1608(0603)X04L)
Added Component: Designator=R3(RESC1608(0603)X04L)
Added Component: Designator=R4(RESC1608(0603)X04L)
Added Component: Designator=R5(RESC1608(0603)X04L)
Added Component: Designator=R6(RESC1608(0603)X04L)
Added Component: Designator=R7(RESC1608(0603)X04L)
Added Component: Designator=R8(RESC1608(0603)X04L)
Added Component: Designator=R9(RESC1608(0603)X04L)
Added Component: Designator=R10(RESC1608(0603)X04L)
Added Component: Designator=R11(RESC1608(0603)X04L)
Added Component: Designator=R12(RESC1608(0603)X04L)
Added Component: Designator=R13(RESC1608(0603)X04L)
Added Component: Designator=R14(RESC1608(0603)X04L)
Added Component: Designator=R15(RESC1608(0603)X04L)
Added Component: Designator=R16(RESC1608(0603)X04L)
Added Component: Designator=R17(RESC1608(0603)X04L)
Added Component: Designator=R18(RESC1608(0603)X04L)
Added Component: Designator=R19(RESC1608(0603)X04L)
Added Component: Designator=R20(RESC1608(0603)X04L)
Added Component: Designator=R21(RESC1608(0603)X04L)
Added Component: Designator=R22(RESC1608(0603)X04L)
Added Component: Designator=R23(RESC1608(0603)X04L)
Added Component: Designator=R24(RESC1608(0603)X04L)
Added Component: Designator=R25(RESC1608(0603)X04L)
Added Component: Designator=R26(RESC1608(0603)X04L)
Added Component: Designator=R27(RESC1608(0603)X04L)
Added Component: Designator=R28(RESC1608(0603)X04L)
Added Component: Designator=R29(RESC1608(0603)X04L)
Added Component: Designator=R30(RESC1608(0603)X04L)
Added Component: Designator=R31(RESC1608(0603)X04L)
Added Component: Designator=R32(RESC1608(0603)X04L)
Added Component: Designator=R33(RESC1608(0603)X04L)
Added Component: Designator=R34(RESC1608(0603)X04L)
Added Component: Designator=R35(RESC1608(0603)X04L)
Added Component: Designator=R36(RESC1608(0603)X04L)
Added Component: Designator=R37(RESC1608(0603)X04L)
Added Component: Designator=R38(RESC1608(0603)X04L)
Added Component: Designator=R39(RESC1608(0603)X04L)
Added Component: Designator=R40(RESC1608(0603)X04L)
Added Component: Designator=R41(RESC1608(0603)X04L)
Added Component: Designator=R42(RESC1608(0603)X04L)
Added Component: Designator=R43(RESC1608(0603)X04L)
Added Component: Designator=R44(RESC1608(0603)X04L)
Added Component: Designator=R45(RESC1608(0603)X04L)
Added Component: Designator=R46(RESC1608(0603)X04L)
Added Component: Designator=R47(RESC1608(0603)X04L)
Added Component: Designator=R48(RESC1608(0603)X04L)
Added Component: Designator=SW1(JS202011SCQN)
Added Component: Designator=SW2(JS202011SCQN)
Added Component: Designator=TD2(1mm PAD)
Added Component: Designator=VD1(SMB - UNI)
Added Component: Designator=VD2(SOD523)
Added Component: Designator=VD3(SC-70)
Added Component: Designator=VD4(SOD128)
Added Component: Designator=VD5(SOD128)
Added Component: Designator=VD6(SOD128)
Added Component: Designator=VD7(SC-70)
Added Component: Designator=VD8(SOD523)
Added Component: Designator=VD9(SC-70)
Added Component: Designator=VD10(SOT23)
Added Component: Designator=VT1(SC-70-6)
Added Component: Designator=VT2(SC-70-6)
Added Component: Designator=VT3(SC-70-6)
Added Component: Designator=VT4(SC-70-6)
Added Component: Designator=VT5(SC-70-6)
Added Component: Designator=VT6(SC-70-6)
Added Component: Designator=VT7(SC-70-6)
Added Component: Designator=VT8(SC-70-6)
Added Component: Designator=XS3(PBD1.27-06S)
Added Pin To Net: NetName=GND Pin=BQ1-2
Added Pin To Net: NetName=NetC1_2 Pin=C1-2
Added Pin To Net: NetName=NetC2_1 Pin=C2-1
Added Pin To Net: NetName=NetC2_2 Pin=C2-2
Added Pin To Net: NetName=NetC1_2 Pin=C3-2
Added Pin To Net: NetName=NetC6_1 Pin=C6-1
Added Pin To Net: NetName=GND Pin=C6-2
Added Pin To Net: NetName=NetC8_1 Pin=C8-1
Added Pin To Net: NetName=NetC1_2 Pin=C8-2
Added Pin To Net: NetName=NetC8_1 Pin=C9-1
Added Pin To Net: NetName=NetC1_2 Pin=C9-2
Added Pin To Net: NetName=NetC10_1 Pin=C10-1
Added Pin To Net: NetName=NetC12_1 Pin=C12-1
Added Pin To Net: NetName=NetC12_2 Pin=C12-2
Added Pin To Net: NetName=GND Pin=C13-1
Added Pin To Net: NetName=VDD Pin=C13-2
Added Pin To Net: NetName=NetC15_2 Pin=C15-2
Added Pin To Net: NetName=GND Pin=C17-1
Added Pin To Net: NetName=NetC17_2 Pin=C17-2
Added Pin To Net: NetName=GND Pin=C18-1
Added Pin To Net: NetName=VDD Pin=C18-2
Added Pin To Net: NetName=VDD Pin=C19-1
Added Pin To Net: NetName=GND Pin=C19-2
Added Pin To Net: NetName=NetC21_1 Pin=C21-1
Added Pin To Net: NetName=GND Pin=C22-1
Added Pin To Net: NetName=GND Pin=C23-2
Added Pin To Net: NetName=GND Pin=C25-1
Added Pin To Net: NetName=GND Pin=C26-1
Added Pin To Net: NetName=GND Pin=C27-2
Added Pin To Net: NetName=GND Pin=C28-1
Added Pin To Net: NetName=VDD Pin=C28-2
Added Pin To Net: NetName=GND Pin=C29-1
Added Pin To Net: NetName=VDD Pin=C29-2
Added Pin To Net: NetName=GND Pin=C30-1
Added Pin To Net: NetName=VDD Pin=C30-2
Added Pin To Net: NetName=GND Pin=C31-1
Added Pin To Net: NetName=GND Pin=C32-1
Added Pin To Net: NetName=VDD Pin=C32-2
Added Pin To Net: NetName=GND Pin=C33-1
Added Pin To Net: NetName=GND Pin=C34-2
Added Pin To Net: NetName=GND Pin=C35-1
Added Pin To Net: NetName=GND Pin=C36-1
Added Pin To Net: NetName=VDD Pin=C36-2
Added Pin To Net: NetName=GND Pin=C37-1
Added Pin To Net: NetName=PE Pin=C37-2
Added Pin To Net: NetName=VDD Pin=C38-1
Added Pin To Net: NetName=GND Pin=C38-2
Added Pin To Net: NetName=NetC1_2 Pin=DA2-2
Added Pin To Net: NetName=NetC8_1 Pin=DA2-5
Added Pin To Net: NetName=NetC8_1 Pin=DA2-6
Added Pin To Net: NetName=NetC6_1 Pin=DA3-1
Added Pin To Net: NetName=NetC6_1 Pin=DA3-3
Added Pin To Net: NetName=GND Pin=DA3-5
Added Pin To Net: NetName=VDD Pin=DA3-9
Added Pin To Net: NetName=GND Pin=DA3-11
Added Pin To Net: NetName=NetC2_2 Pin=DA4-3
Added Pin To Net: NetName=VDD Pin=DA5-1
Added Pin To Net: NetName=GND Pin=DA5-2
Added Pin To Net: NetName=GND Pin=DA6-8
Added Pin To Net: NetName=VDD Pin=DA6-16
Added Pin To Net: NetName=GND Pin=DA7-2
Added Pin To Net: NetName=GND Pin=DD1-2
Added Pin To Net: NetName=PULSE Pin=DD1-3
Added Pin To Net: NetName=NetDD1_4 Pin=DD1-4
Added Pin To Net: NetName=VDD Pin=DD1-5
Added Pin To Net: NetName=NetDD1_6 Pin=DD1-6
Added Pin To Net: NetName=VDD Pin=DD2-2
Added Pin To Net: NetName=GND Pin=DD2-3
Added Pin To Net: NetName=NetC12_2 Pin=DD2-8
Added Pin To Net: NetName=PULSE Pin=DD4-3
Added Pin To Net: NetName=GND Pin=DD4-7
Added Pin To Net: NetName=VDD Pin=DD4-14
Added Pin To Net: NetName=GND Pin=DD6-5
Added Pin To Net: NetName=VDD Pin=DD6-8
Added Pin To Net: NetName=GND Pin=DD7-4
Added Pin To Net: NetName=VDD Pin=DD7-7
Added Pin To Net: NetName=VDD Pin=DD7-8
Added Pin To Net: NetName=NetC12_2 Pin=KT4-0
Added Pin To Net: NetName=VDD Pin=L1-1
Added Pin To Net: NetName=VDD Pin=R1-1
Added Pin To Net: NetName=NetC2_2 Pin=R2-1
Added Pin To Net: NetName=NetC2_1 Pin=R4-2
Added Pin To Net: NetName=GND Pin=R6-1
Added Pin To Net: NetName=VDD Pin=R7-2
Added Pin To Net: NetName=VDD Pin=R10-1
Added Pin To Net: NetName=NetC1_2 Pin=R11-1
Added Pin To Net: NetName=GND Pin=R11-2
Added Pin To Net: NetName=NetC8_1 Pin=R15-2
Added Pin To Net: NetName=NetC8_1 Pin=R16-2
Added Pin To Net: NetName=NetC1_2 Pin=R18-2
Added Pin To Net: NetName=NetC2_2 Pin=R19-2
Added Pin To Net: NetName=GND Pin=R20-1
Added Pin To Net: NetName=VDD Pin=R21-2
Added Pin To Net: NetName=NetC17_2 Pin=R22-1
Added Pin To Net: NetName=VDD Pin=R22-2
Added Pin To Net: NetName=GND Pin=R24-2
Added Pin To Net: NetName=NetR30_2 Pin=R30-2
Added Pin To Net: NetName=NetDD1_6 Pin=R32-2
Added Pin To Net: NetName=NetR30_2 Pin=R33-2
Added Pin To Net: NetName=GND Pin=R39-1
Added Pin To Net: NetName=VDD Pin=R42-2
Added Pin To Net: NetName=VDD Pin=R43-2
Added Pin To Net: NetName=GND Pin=R46-2
Added Pin To Net: NetName=GND Pin=R47-1
Added Pin To Net: NetName=VDD Pin=R48-1
Added Pin To Net: NetName=NetC2_2 Pin=SW1-2
Added Pin To Net: NetName=NetC12_1 Pin=SW2-5
Added Pin To Net: NetName=GND Pin=VD1-1
Added Pin To Net: NetName=NetC6_1 Pin=VD2-1
Added Pin To Net: NetName=NetC15_2 Pin=VD3-2
Added Pin To Net: NetName=NetC17_2 Pin=VD3-3
Added Pin To Net: NetName=VDD Pin=VD4-1
Added Pin To Net: NetName=GND Pin=VD4-2
Added Pin To Net: NetName=VDD Pin=VD5-1
Added Pin To Net: NetName=GND Pin=VD5-2
Added Pin To Net: NetName=VDD Pin=VD6-1
Added Pin To Net: NetName=GND Pin=VD6-2
Added Pin To Net: NetName=NetC17_2 Pin=VD7-3
Added Pin To Net: NetName=GND Pin=VD8-2
Added Pin To Net: NetName=VDD Pin=VD9-1
Added Pin To Net: NetName=VDD Pin=VD9-2
Added Pin To Net: NetName=GND Pin=VD10-3
Added Pin To Net: NetName=NetC6_1 Pin=VT1-1
Added Pin To Net: NetName=NetC6_1 Pin=VT1-4
Added Pin To Net: NetName=NetC17_2 Pin=VT2-1
Added Pin To Net: NetName=NetDD1_4 Pin=VT2-2
Added Pin To Net: NetName=NetC17_2 Pin=VT2-5
Added Pin To Net: NetName=NetC10_1 Pin=VT2-6
Added Pin To Net: NetName=GND Pin=VT3-1
Added Pin To Net: NetName=NetDD1_4 Pin=VT3-2
Added Pin To Net: NetName=GND Pin=VT3-4
Added Pin To Net: NetName=NetDD1_4 Pin=VT3-5
Added Pin To Net: NetName=NetC10_1 Pin=VT3-6
Added Pin To Net: NetName=NetC15_2 Pin=VT4-1
Added Pin To Net: NetName=NetC17_2 Pin=VT4-2
Added Pin To Net: NetName=NetC21_1 Pin=VT4-3
Added Pin To Net: NetName=NetC17_2 Pin=VT4-5
Added Pin To Net: NetName=GND Pin=VT5-1
Added Pin To Net: NetName=NetDD1_4 Pin=VT5-2
Added Pin To Net: NetName=NetC21_1 Pin=VT5-3
Added Pin To Net: NetName=GND Pin=VT5-4
Added Pin To Net: NetName=NetDD1_4 Pin=VT5-5
Added Pin To Net: NetName=NetC17_2 Pin=VT6-2
Added Pin To Net: NetName=NetR30_2 Pin=VT7-1
Added Pin To Net: NetName=GND Pin=VT8-1
Added Pin To Net: NetName=GND Pin=VT8-4
Added Pin To Net: NetName=GND Pin=XS3-6
Added Pin To Net: NetName=CLKON Pin=BQ1-1
Added Net: Name=CLKON
Added Pin To Net: NetName=CS0 Pin=DD2-6
Added Net: Name=CS0
Added Pin To Net: NetName=CS1 Pin=DD4-11
Added Net: Name=CS1
Added Pin To Net: NetName=CS2 Pin=DD7-1
Added Net: Name=CS2
Added Pin To Net: NetName=EXTCLK Pin=BQ1-3
Added Net: Name=EXTCLK
Added Pin To Net: NetName=INTB Pin=DD4-8
Added Net: Name=INTB
Added Pin To Net: NetName=MISO Pin=DD4-9
Added Pin To Net: NetName=MISO Pin=DD7-2
Added Net: Name=MISO
Added Pin To Net: NetName=MODE Pin=DD1-1
Added Pin To Net: NetName=MODE Pin=R38-2
Added Pin To Net: NetName=MODE Pin=VT8-5
Added Net: Name=MODE
Added Pin To Net: NetName=MOSI Pin=DD2-5
Added Pin To Net: NetName=MOSI Pin=DD4-10
Added Pin To Net: NetName=MOSI Pin=DD7-5
Added Net: Name=MOSI
Added Pin To Net: NetName=Net+U1_0 Pin=+U1-0
Added Pin To Net: NetName=Net+U1_0 Pin=R7-1
Added Net: Name=Net+U1_0
Added Pin To Net: NetName=NetA1_0 Pin=A1-0
Added Pin To Net: NetName=NetA1_0 Pin=FU2-2
Added Net: Name=NetA1_0
Added Pin To Net: NetName=NetB1_0 Pin=B1-0
Added Pin To Net: NetName=NetB1_0 Pin=FU1-2
Added Net: Name=NetB1_0
Added Pin To Net: NetName=NetBQ1_4 Pin=BQ1-4
Added Pin To Net: NetName=NetBQ1_4 Pin=C27-1
Added Pin To Net: NetName=NetBQ1_4 Pin=L1-2
Added Net: Name=NetBQ1_4
Added Pin To Net: NetName=NetC1_1 Pin=C1-1
Added Pin To Net: NetName=NetC1_1 Pin=R5-2
Added Pin To Net: NetName=NetC1_1 Pin=SW2-3
Added Net: Name=NetC1_1
Added Pin To Net: NetName=NetC4_1 Pin=C4-1
Added Pin To Net: NetName=NetC4_1 Pin=DA2-4
Added Pin To Net: NetName=NetC4_1 Pin=R5-1
Added Pin To Net: NetName=NetC4_1 Pin=R9-1
Added Net: Name=NetC4_1
Added Pin To Net: NetName=NetC4_2 Pin=C4-2
Added Pin To Net: NetName=NetC4_2 Pin=DA2-1
Added Pin To Net: NetName=NetC4_2 Pin=KT2-0
Added Pin To Net: NetName=NetC4_2 Pin=R9-2
Added Pin To Net: NetName=NetC4_2 Pin=SW2-4
Added Net: Name=NetC4_2
Added Pin To Net: NetName=NetC5_1 Pin=C5-1
Added Pin To Net: NetName=NetC5_1 Pin=C7-1
Added Pin To Net: NetName=NetC5_1 Pin=DA1-5
Added Pin To Net: NetName=NetC5_1 Pin=DA1-6
Added Pin To Net: NetName=NetC5_1 Pin=DA4-5
Added Pin To Net: NetName=NetC5_1 Pin=DA4-6
Added Pin To Net: NetName=NetC5_1 Pin=R13-2
Added Pin To Net: NetName=NetC5_1 Pin=R25-1
Added Net: Name=NetC5_1
Added Pin To Net: NetName=NetC5_2 Pin=C5-2
Added Pin To Net: NetName=NetC5_2 Pin=C7-2
Added Pin To Net: NetName=NetC5_2 Pin=DA1-2
Added Pin To Net: NetName=NetC5_2 Pin=DA4-2
Added Pin To Net: NetName=NetC5_2 Pin=R14-2
Added Pin To Net: NetName=NetC5_2 Pin=R24-1
Added Net: Name=NetC5_2
Added Pin To Net: NetName=NetC10_2 Pin=C10-2
Added Pin To Net: NetName=NetC10_2 Pin=VD3-1
Added Pin To Net: NetName=NetC10_2 Pin=VT2-4
Added Net: Name=NetC10_2
Added Pin To Net: NetName=NetC11_1 Pin=C11-1
Added Pin To Net: NetName=NetC11_1 Pin=C14-1
Added Pin To Net: NetName=NetC11_1 Pin=R17-1
Added Pin To Net: NetName=NetC11_1 Pin=R19-1
Added Net: Name=NetC11_1
Added Pin To Net: NetName=NetC11_2 Pin=C11-2
Added Pin To Net: NetName=NetC11_2 Pin=DA4-4
Added Pin To Net: NetName=NetC11_2 Pin=R23-2
Added Net: Name=NetC11_2
Added Pin To Net: NetName=NetC14_2 Pin=C14-2
Added Pin To Net: NetName=NetC14_2 Pin=DA4-1
Added Pin To Net: NetName=NetC14_2 Pin=KT5-0
Added Pin To Net: NetName=NetC14_2 Pin=R23-1
Added Pin To Net: NetName=NetC14_2 Pin=SW2-6
Added Net: Name=NetC14_2
Added Pin To Net: NetName=NetC15_1 Pin=C15-1
Added Pin To Net: NetName=NetC15_1 Pin=VT2-3
Added Pin To Net: NetName=NetC15_1 Pin=VT3-3
Added Net: Name=NetC15_1
Added Pin To Net: NetName=NetC16_1 Pin=C16-1
Added Pin To Net: NetName=NetC16_1 Pin=VT4-6
Added Pin To Net: NetName=NetC16_1 Pin=VT5-6
Added Net: Name=NetC16_1
Added Pin To Net: NetName=NetC16_2 Pin=C16-2
Added Pin To Net: NetName=NetC16_2 Pin=VD7-1
Added Pin To Net: NetName=NetC16_2 Pin=VT4-4
Added Net: Name=NetC16_2
Added Pin To Net: NetName=NetC20_1 Pin=C20-1
Added Pin To Net: NetName=NetC20_1 Pin=R26-1
Added Net: Name=NetC20_1
Added Pin To Net: NetName=NetC20_2 Pin=C20-2
Added Pin To Net: NetName=NetC20_2 Pin=C26-2
Added Pin To Net: NetName=NetC20_2 Pin=DD2-7
Added Pin To Net: NetName=NetC20_2 Pin=R36-1
Added Pin To Net: NetName=NetC20_2 Pin=SW1-1
Added Pin To Net: NetName=NetC20_2 Pin=SW1-6
Added Net: Name=NetC20_2
Added Pin To Net: NetName=NetC21_2 Pin=C21-2
Added Pin To Net: NetName=NetC21_2 Pin=VD7-2
Added Pin To Net: NetName=NetC21_2 Pin=VT6-1
Added Net: Name=NetC21_2
Added Pin To Net: NetName=NetC24_1 Pin=C24-1
Added Pin To Net: NetName=NetC24_1 Pin=KT3-0
Added Pin To Net: NetName=NetC24_1 Pin=SW2-2
Added Net: Name=NetC24_1
Added Pin To Net: NetName=NetC24_2 Pin=C24-2
Added Pin To Net: NetName=NetC24_2 Pin=R33-1
Added Pin To Net: NetName=NetC24_2 Pin=VT8-3
Added Net: Name=NetC24_2
Added Pin To Net: NetName=NetC25_2 Pin=C25-2
Added Net: Name=NetC25_2
Added Pin To Net: NetName=NetC31_2 Pin=C31-2
Added Pin To Net: NetName=NetC31_2 Pin=DD4-13
Added Net: Name=NetC31_2
Added Pin To Net: NetName=NetC33_2 Pin=C33-2
Added Pin To Net: NetName=NetC33_2 Pin=DA7-4
Added Pin To Net: NetName=NetC33_2 Pin=XS3-1
Added Net: Name=NetC33_2
Added Pin To Net: NetName=NetC34_1 Pin=C34-1
Added Pin To Net: NetName=NetC34_1 Pin=R40-2
Added Pin To Net: NetName=NetC34_1 Pin=R43-1
Added Pin To Net: NetName=NetC34_1 Pin=XS3-3
Added Net: Name=NetC34_1
Added Pin To Net: NetName=NetC35_2 Pin=C35-2
Added Pin To Net: NetName=NetC35_2 Pin=DA7-5
Added Pin To Net: NetName=NetC35_2 Pin=DD7-3
Added Pin To Net: NetName=NetC35_2 Pin=R46-1
Added Pin To Net: NetName=NetC35_2 Pin=VD9-3
Added Net: Name=NetC35_2
Added Pin To Net: NetName=NetDA1_1 Pin=DA1-1
Added Pin To Net: NetName=NetDA1_1 Pin=R2-2
Added Pin To Net: NetName=NetDA1_1 Pin=SW2-1
Added Net: Name=NetDA1_1
Added Pin To Net: NetName=NetDA1_3 Pin=DA1-3
Added Pin To Net: NetName=NetDA1_3 Pin=R4-1
Added Pin To Net: NetName=NetDA1_3 Pin=R8-2
Added Net: Name=NetDA1_3
Added Pin To Net: NetName=NetDA1_4 Pin=DA1-4
Added Pin To Net: NetName=NetDA1_4 Pin=KT1-0
Added Pin To Net: NetName=NetDA1_4 Pin=R8-1
Added Pin To Net: NetName=NetDA1_4 Pin=R17-2
Added Net: Name=NetDA1_4
Added Pin To Net: NetName=NetDA2_3 Pin=DA2-3
Added Pin To Net: NetName=NetDA2_3 Pin=SW1-5
Added Net: Name=NetDA2_3
Added Pin To Net: NetName=NetDA3_8 Pin=DA3-8
Added Pin To Net: NetName=NetDA3_8 Pin=R20-2
Added Pin To Net: NetName=NetDA3_8 Pin=R21-1
Added Net: Name=NetDA3_8
Added Pin To Net: NetName=NetDA6_5 Pin=DA6-5
Added Pin To Net: NetName=NetDA6_5 Pin=KT6-0
Added Pin To Net: NetName=NetDA6_5 Pin=R27-2
Added Pin To Net: NetName=NetDA6_5 Pin=R29-2
Added Net: Name=NetDA6_5
Added Pin To Net: NetName=NetDA6_6 Pin=DA6-6
Added Pin To Net: NetName=NetDA6_6 Pin=R26-2
Added Pin To Net: NetName=NetDA6_6 Pin=R27-1
Added Net: Name=NetDA6_6
Added Pin To Net: NetName=NetDA6_7 Pin=DA6-7
Added Pin To Net: NetName=NetDA6_7 Pin=DD2-1
Added Net: Name=NetDA6_7
Added Pin To Net: NetName=NetDA6_14 Pin=DA6-14
Added Pin To Net: NetName=NetDA6_14 Pin=R29-1
Added Pin To Net: NetName=NetDA6_14 Pin=R31-1
Added Net: Name=NetDA6_14
Added Pin To Net: NetName=NetDA6_15 Pin=DA6-15
Added Pin To Net: NetName=NetDA6_15 Pin=KT7-0
Added Pin To Net: NetName=NetDA6_15 Pin=R31-2
Added Net: Name=NetDA6_15
Added Pin To Net: NetName=NetDD3_4 Pin=R37-2
Added Net: Name=NetDD3_4
Added Pin To Net: NetName=NetDD3_9 Pin=R36-2
Added Net: Name=NetDD3_9
Added Pin To Net: NetName=NetDD3_10 Pin=KT12-0
Added Net: Name=NetDD3_10
Added Pin To Net: NetName=NetDD3_18 Pin=KT9-0
Added Pin To Net: NetName=NetDD3_18 Pin=R34-1
Added Net: Name=NetDD3_18
Added Pin To Net: NetName=NetDD3_19 Pin=KT11-0
Added Pin To Net: NetName=NetDD3_19 Pin=R35-1
Added Net: Name=NetDD3_19
Added Pin To Net: NetName=NetDD3_20 Pin=KT10-0
Added Pin To Net: NetName=NetDD3_20 Pin=R35-2
Added Net: Name=NetDD3_20
Added Pin To Net: NetName=NetDD3_21 Pin=KT8-0
Added Pin To Net: NetName=NetDD3_21 Pin=R34-2
Added Net: Name=NetDD3_21
Added Pin To Net: NetName=NetDD5_3 Pin=R39-2
Added Net: Name=NetDD5_3
Added Pin To Net: NetName=NetDD5_6 Pin=R37-1
Added Pin To Net: NetName=NetDD5_6 Pin=R40-1
Added Pin To Net: NetName=NetDD5_6 Pin=XS3-5
Added Net: Name=NetDD5_6
Added Pin To Net: NetName=NetDD6_6 Pin=DD6-6
Added Pin To Net: NetName=NetDD6_6 Pin=FU2-1
Added Pin To Net: NetName=NetDD6_6 Pin=R44-2
Added Pin To Net: NetName=NetDD6_6 Pin=R45-2
Added Pin To Net: NetName=NetDD6_6 Pin=R48-2
Added Pin To Net: NetName=NetDD6_6 Pin=VD10-1
Added Net: Name=NetDD6_6
Added Pin To Net: NetName=NetDD6_7 Pin=DD6-7
Added Pin To Net: NetName=NetDD6_7 Pin=FU1-1
Added Pin To Net: NetName=NetDD6_7 Pin=R47-2
Added Pin To Net: NetName=NetDD6_7 Pin=VD10-2
Added Net: Name=NetDD6_7
Added Pin To Net: NetName=NetPWR1_0 Pin=PWR1-0
Added Pin To Net: NetName=NetPWR1_0 Pin=VD1-2
Added Pin To Net: NetName=NetPWR1_0 Pin=VT1-3
Added Pin To Net: NetName=NetPWR1_0 Pin=VT1-6
Added Net: Name=NetPWR1_0
Added Pin To Net: NetName=NetR3_1 Pin=R3-1
Added Pin To Net: NetName=NetR3_1 Pin=TD1-0
Added Net: Name=NetR3_1
Added Pin To Net: NetName=NetR6_2 Pin=R6-2
Added Pin To Net: NetName=NetR6_2 Pin=VD2-2
Added Pin To Net: NetName=NetR6_2 Pin=VT1-2
Added Pin To Net: NetName=NetR6_2 Pin=VT1-5
Added Net: Name=NetR6_2
Added Pin To Net: NetName=NetR12_1 Pin=R12-1
Added Pin To Net: NetName=NetR12_1 Pin=TD2-0
Added Net: Name=NetR12_1
Added Pin To Net: NetName=NetR28_1 Pin=R28-1
Added Pin To Net: NetName=NetR28_1 Pin=VD8-1
Added Pin To Net: NetName=NetR28_1 Pin=VT7-2
Added Net: Name=NetR28_1
Added Pin To Net: NetName=NetR28_2 Pin=R28-2
Added Pin To Net: NetName=NetR28_2 Pin=VT6-6
Added Pin To Net: NetName=NetR28_2 Pin=VT7-6
Added Net: Name=NetR28_2
Added Pin To Net: NetName=NetR30_1 Pin=R30-1
Added Pin To Net: NetName=NetR30_1 Pin=VT8-6
Added Pin To Net: NetName=NetR30_1 Pin=XS1-0
Added Pin To Net: NetName=NetR30_1 Pin=XS2-0
Added Net: Name=NetR30_1
Added Pin To Net: NetName=NetR32_1 Pin=R32-1
Added Pin To Net: NetName=NetR32_1 Pin=VT8-2
Added Net: Name=NetR32_1
Added Pin To Net: NetName=NetR38_1 Pin=R38-1
Added Pin To Net: NetName=NetR38_1 Pin=R41-1
Added Pin To Net: NetName=NetR38_1 Pin=XS3-2
Added Net: Name=NetR38_1
Added Pin To Net: NetName=NetR41_2 Pin=R41-2
Added Pin To Net: NetName=NetR41_2 Pin=XS3-4
Added Net: Name=NetR41_2
Added Pin To Net: NetName=OUT_FREQ Pin=DD4-5
Added Net: Name=OUT_FREQ
Added Pin To Net: NetName=RS485_DE Pin=DD6-2
Added Pin To Net: NetName=RS485_DE Pin=DD6-3
Added Net: Name=RS485_DE
Added Pin To Net: NetName=RX0 Pin=DD6-1
Added Pin To Net: NetName=RX0 Pin=R42-1
Added Pin To Net: NetName=RX0 Pin=R44-1
Added Net: Name=RX0
Added Pin To Net: NetName=SCK Pin=DD2-4
Added Pin To Net: NetName=SCK Pin=DD4-12
Added Pin To Net: NetName=SCK Pin=DD7-6
Added Net: Name=SCK
Added Pin To Net: NetName=SCL Pin=R10-2
Added Pin To Net: NetName=SCL Pin=R12-2
Added Net: Name=SCL
Added Pin To Net: NetName=SDA/TD Pin=R1-2
Added Pin To Net: NetName=SDA/TD Pin=R3-2
Added Net: Name=SDA/TD
Added Pin To Net: NetName=SLEEP Pin=DA5-3
Added Pin To Net: NetName=SLEEP Pin=DA6-10
Added Pin To Net: NetName=SLEEP Pin=DA6-11
Added Pin To Net: NetName=SLEEP Pin=DD4-1
Added Net: Name=SLEEP
Added Pin To Net: NetName=STOP Pin=DD4-4
Added Net: Name=STOP
Added Pin To Net: NetName=TX0 Pin=DD6-4
Added Pin To Net: NetName=TX0 Pin=R45-1
Added Net: Name=TX0
Added Pin To Net: NetName=V1 Pin=R13-1
Added Pin To Net: NetName=V1 Pin=R14-1
Added Pin To Net: NetName=V1 Pin=SW1-3
Added Net: Name=V1
Added Pin To Net: NetName=V2 Pin=R16-1
Added Pin To Net: NetName=V2 Pin=R18-1
Added Pin To Net: NetName=V2 Pin=SW1-4
Added Net: Name=V2
Added Pin To Net: NetName=VA Pin=C22-2
Added Pin To Net: NetName=VA Pin=C23-1
Added Pin To Net: NetName=VA Pin=DA5-5
Added Pin To Net: NetName=VA Pin=R15-1
Added Pin To Net: NetName=VA Pin=R25-2
Added Net: Name=VA
Change Class Name : Old Net Name=ολο-u_2b New Net Name=ολο-u_2ρ
Added Member To Class: ClassName=ολο-u_2ρ Member=Component BQ1 AMPMG
Added Member To Class: ClassName=ολο-u_2ρ Member=Component C1 Capacitor Ceramic
Added Member To Class: ClassName=ολο-u_2ρ Member=Component C2 Capacitor Ceramic
Added Member To Class: ClassName=ολο-u_2ρ Member=Component C3 Capacitor Ceramic
Added Member To Class: ClassName=ολο-u_2ρ Member=Component C4 Capacitor Ceramic
Added Member To Class: ClassName=ολο-u_2ρ Member=Component C5 Capacitor Ceramic
Added Member To Class: ClassName=ολο-u_2ρ Member=Component C6 Capacitor Ceramic
Added Member To Class: ClassName=ολο-u_2ρ Member=Component C7 Capacitor Ceramic
Added Member To Class: ClassName=ολο-u_2ρ Member=Component C8 Capacitor Ceramic
Added Member To Class: ClassName=ολο-u_2ρ Member=Component C9 Capacitor Ceramic
Added Member To Class: ClassName=ολο-u_2ρ Member=Component C10 Capacitor Ceramic
Added Member To Class: ClassName=ολο-u_2ρ Member=Component C11 Capacitor Ceramic
Added Member To Class: ClassName=ολο-u_2ρ Member=Component C12 Capacitor Ceramic
Added Member To Class: ClassName=ολο-u_2ρ Member=Component C13 Capacitor Ceramic
Added Member To Class: ClassName=ολο-u_2ρ Member=Component C14 Capacitor Ceramic
Added Member To Class: ClassName=ολο-u_2ρ Member=Component C15 Capacitor Ceramic
Added Member To Class: ClassName=ολο-u_2ρ Member=Component C16 Capacitor Ceramic
Added Member To Class: ClassName=ολο-u_2ρ Member=Component C17 Capacitor Ceramic
Added Member To Class: ClassName=ολο-u_2ρ Member=Component C18 Capacitor Ceramic
Added Member To Class: ClassName=ολο-u_2ρ Member=Component C19 Capacitor Ceramic
Added Member To Class: ClassName=ολο-u_2ρ Member=Component C20 Capacitor Ceramic
Added Member To Class: ClassName=ολο-u_2ρ Member=Component C21 Capacitor Ceramic
Added Member To Class: ClassName=ολο-u_2ρ Member=Component C22 Capacitor Ceramic
Added Member To Class: ClassName=ολο-u_2ρ Member=Component C23 Capacitor Ceramic
Added Member To Class: ClassName=ολο-u_2ρ Member=Component C24 Capacitor Ceramic
Added Member To Class: ClassName=ολο-u_2ρ Member=Component C25 0.1uF
Added Member To Class: ClassName=ολο-u_2ρ Member=Component C26 Capacitor Ceramic
Added Member To Class: ClassName=ολο-u_2ρ Member=Component C27 0.1uF
Added Member To Class: ClassName=ολο-u_2ρ Member=Component C28 Capacitor Ceramic
Added Member To Class: ClassName=ολο-u_2ρ Member=Component C29 0.1uF
Added Member To Class: ClassName=ολο-u_2ρ Member=Component C30 0.1uF
Added Member To Class: ClassName=ολο-u_2ρ Member=Component C31 1uF
Added Member To Class: ClassName=ολο-u_2ρ Member=Component C32 Capacitor Ceramic
Added Member To Class: ClassName=ολο-u_2ρ Member=Component C33 Capacitor Ceramic
Added Member To Class: ClassName=ολο-u_2ρ Member=Component C34 Capacitor Ceramic
Added Member To Class: ClassName=ολο-u_2ρ Member=Component C35 Capacitor Ceramic
Added Member To Class: ClassName=ολο-u_2ρ Member=Component C36 1uF
Added Member To Class: ClassName=ολο-u_2ρ Member=Component C37 0.022uF
Added Member To Class: ClassName=ολο-u_2ρ Member=Component C38 Capacitor Ceramic
Added Member To Class: ClassName=ολο-u_2ρ Member=Component DA1 OPA607DCK
Added Member To Class: ClassName=ολο-u_2ρ Member=Component DA2 OPA363AIDBV
Added Member To Class: ClassName=ολο-u_2ρ Member=Component DA3 IFX30081LDV
Added Member To Class: ClassName=ολο-u_2ρ Member=Component DA4 OPA363AIDBV
Added Member To Class: ClassName=ολο-u_2ρ Member=Component DA5 lp5907MFX
Added Member To Class: ClassName=ολο-u_2ρ Member=Component DA6 OPA2363RSV
Added Member To Class: ClassName=ολο-u_2ρ Member=Component DA7 TPS71501
Added Member To Class: ClassName=ολο-u_2ρ Member=Component DD1 NC7WZ14P6X
Added Member To Class: ClassName=ολο-u_2ρ Member=Component DD2 AD5160BRJZ
Added Member To Class: ClassName=ολο-u_2ρ Member=Component DD4 TDC7200PW
Added Member To Class: ClassName=ολο-u_2ρ Member=Component DD6 MAX3471
Added Member To Class: ClassName=ολο-u_2ρ Member=Component DD7 FM25CL64B-G
Added Member To Class: ClassName=ολο-u_2ρ Member=Component FU1 0ZCM00xxFF2G
Added Member To Class: ClassName=ολο-u_2ρ Member=Component FU2 0ZCM00xxFF2G
Added Member To Class: ClassName=ολο-u_2ρ Member=Component KT1 Testpoint-TH-1mm
Added Member To Class: ClassName=ολο-u_2ρ Member=Component KT2 Testpoint-TH-1mm
Added Member To Class: ClassName=ολο-u_2ρ Member=Component KT3 Testpoint-TH-1mm
Added Member To Class: ClassName=ολο-u_2ρ Member=Component KT4 Testpoint-TH-1mm
Added Member To Class: ClassName=ολο-u_2ρ Member=Component KT5 Testpoint-TH-1mm
Added Member To Class: ClassName=ολο-u_2ρ Member=Component KT6 Testpoint-TH-1mm
Added Member To Class: ClassName=ολο-u_2ρ Member=Component KT7 Testpoint-TH-1mm
Added Member To Class: ClassName=ολο-u_2ρ Member=Component KT8 Testpoint-TH-1mm
Added Member To Class: ClassName=ολο-u_2ρ Member=Component KT9 Testpoint-TH-1mm
Added Member To Class: ClassName=ολο-u_2ρ Member=Component KT10 Testpoint-TH-1mm
Added Member To Class: ClassName=ολο-u_2ρ Member=Component KT11 Testpoint-TH-1mm
Added Member To Class: ClassName=ολο-u_2ρ Member=Component KT12 Testpoint-TH-1mm
Added Member To Class: ClassName=ολο-u_2ρ Member=Component L1 BLM18
Added Member To Class: ClassName=ολο-u_2ρ Member=Component R1 R0603L
Added Member To Class: ClassName=ολο-u_2ρ Member=Component R2 R0603L
Added Member To Class: ClassName=ολο-u_2ρ Member=Component R3 R0603L
Added Member To Class: ClassName=ολο-u_2ρ Member=Component R4 R0603L
Added Member To Class: ClassName=ολο-u_2ρ Member=Component R5 R0603L
Added Member To Class: ClassName=ολο-u_2ρ Member=Component R6 R0603L
Added Member To Class: ClassName=ολο-u_2ρ Member=Component R7 R0603L
Added Member To Class: ClassName=ολο-u_2ρ Member=Component R8 R0603L
Added Member To Class: ClassName=ολο-u_2ρ Member=Component R9 R0603L
Added Member To Class: ClassName=ολο-u_2ρ Member=Component R10 R0603L
Added Member To Class: ClassName=ολο-u_2ρ Member=Component R11 R0603L
Added Member To Class: ClassName=ολο-u_2ρ Member=Component R12 R0603L
Added Member To Class: ClassName=ολο-u_2ρ Member=Component R13 R0603L
Added Member To Class: ClassName=ολο-u_2ρ Member=Component R14 R0603L
Added Member To Class: ClassName=ολο-u_2ρ Member=Component R15 R0603L
Added Member To Class: ClassName=ολο-u_2ρ Member=Component R16 R0603L
Added Member To Class: ClassName=ολο-u_2ρ Member=Component R17 R0603L
Added Member To Class: ClassName=ολο-u_2ρ Member=Component R18 R0603L
Added Member To Class: ClassName=ολο-u_2ρ Member=Component R19 R0603L
Added Member To Class: ClassName=ολο-u_2ρ Member=Component R20 R0603L
Added Member To Class: ClassName=ολο-u_2ρ Member=Component R21 R0603L
Added Member To Class: ClassName=ολο-u_2ρ Member=Component R22 R0603L
Added Member To Class: ClassName=ολο-u_2ρ Member=Component R23 R0603L
Added Member To Class: ClassName=ολο-u_2ρ Member=Component R24 R0603L
Added Member To Class: ClassName=ολο-u_2ρ Member=Component R25 R0603L
Added Member To Class: ClassName=ολο-u_2ρ Member=Component R26 R0603L
Added Member To Class: ClassName=ολο-u_2ρ Member=Component R27 R0603L
Added Member To Class: ClassName=ολο-u_2ρ Member=Component R28 R0603L
Added Member To Class: ClassName=ολο-u_2ρ Member=Component R29 R0603L
Added Member To Class: ClassName=ολο-u_2ρ Member=Component R30 R0603L
Added Member To Class: ClassName=ολο-u_2ρ Member=Component R31 R0603L
Added Member To Class: ClassName=ολο-u_2ρ Member=Component R32 R0603L
Added Member To Class: ClassName=ολο-u_2ρ Member=Component R33 R0603L
Added Member To Class: ClassName=ολο-u_2ρ Member=Component R34 R0603L
Added Member To Class: ClassName=ολο-u_2ρ Member=Component R35 R0603L
Added Member To Class: ClassName=ολο-u_2ρ Member=Component R36 R0603L
Added Member To Class: ClassName=ολο-u_2ρ Member=Component R37 R0603L
Added Member To Class: ClassName=ολο-u_2ρ Member=Component R38 R0603L
Added Member To Class: ClassName=ολο-u_2ρ Member=Component R39 R0603L
Added Member To Class: ClassName=ολο-u_2ρ Member=Component R40 R0603L
Added Member To Class: ClassName=ολο-u_2ρ Member=Component R41 R0603L
Added Member To Class: ClassName=ολο-u_2ρ Member=Component R42 R0603L
Added Member To Class: ClassName=ολο-u_2ρ Member=Component R43 R0603L
Added Member To Class: ClassName=ολο-u_2ρ Member=Component R44 R0603L
Added Member To Class: ClassName=ολο-u_2ρ Member=Component R45 R0603L
Added Member To Class: ClassName=ολο-u_2ρ Member=Component R46 R0603L
Added Member To Class: ClassName=ολο-u_2ρ Member=Component R47 0
Added Member To Class: ClassName=ολο-u_2ρ Member=Component R48 0
Added Member To Class: ClassName=ολο-u_2ρ Member=Component SW1 JS202011SCQN
Added Member To Class: ClassName=ολο-u_2ρ Member=Component SW2 JS202011SCQN
Added Member To Class: ClassName=ολο-u_2ρ Member=Component TD2 Testpoint-TH-1mm
Added Member To Class: ClassName=ολο-u_2ρ Member=Component VD1 Transil Bi
Added Member To Class: ClassName=ολο-u_2ρ Member=Component VD2 BZX585
Added Member To Class: ClassName=ολο-u_2ρ Member=Component VD3 BAT54AW
Added Member To Class: ClassName=ολο-u_2ρ Member=Component VD4 PTVSxP1UTP
Added Member To Class: ClassName=ολο-u_2ρ Member=Component VD5 PTVSxP1UTP
Added Member To Class: ClassName=ολο-u_2ρ Member=Component VD6 PTVSxP1UTP
Added Member To Class: ClassName=ολο-u_2ρ Member=Component VD7 BAT54AW
Added Member To Class: ClassName=ολο-u_2ρ Member=Component VD8 BZX585
Added Member To Class: ClassName=ολο-u_2ρ Member=Component VD9 BAT54AW
Added Member To Class: ClassName=ολο-u_2ρ Member=Component VD10 SM712
Added Member To Class: ClassName=ολο-u_2ρ Member=Component VT1 BSS84AKS
Added Member To Class: ClassName=ολο-u_2ρ Member=Component VT2 BSS84AKS
Added Member To Class: ClassName=ολο-u_2ρ Member=Component VT3 BSS138PS
Added Member To Class: ClassName=ολο-u_2ρ Member=Component VT4 BSS84AKS
Added Member To Class: ClassName=ολο-u_2ρ Member=Component VT5 BSS138PS
Added Member To Class: ClassName=ολο-u_2ρ Member=Component VT6 BSS84AKS
Added Member To Class: ClassName=ολο-u_2ρ Member=Component VT7 BC847BS
Added Member To Class: ClassName=ολο-u_2ρ Member=Component VT8 BSS138PS
Added Member To Class: ClassName=ολο-u_2ρ Member=Component XS3 PBD1.27-06S
Change Room Name: Old Name=ολο-u_2b New Name=ολο-u_2ρ
Change Room Scope: Old Scope=InComponentClass('ολο-u_2b') New Scope=InComponentClass('ολο-u_2ρ')
