Change Component Footprint: Designator=XS5 Old Footprint=PBD1.27-06S New Footprint=CON: PLLD-6R(1.27)
Change Component Footprint: Designator=VD5 Old Footprint=SOD523 - ONs New Footprint=DIODE: SOD523
Change Component Comment : Designator=VD5 Old Comment=BAT54XV2 New Comment=Schottky diode, 80V, 500mA, 1V, 15pF, SOD-123, -55...+150°C
Change Component Comment : Designator=XS5 Old Comment=PBD1.27-06S New Comment=PBD 1.27-6R
Change component parameters: Designator = "XS5" ("XS5"); Footprint = "PBD1.27-06S"; UniqueID = "\TNMDQOAK" ("\TNMDQOAK")
Change component parameters: Designator = "VD5" ("VD5"); Footprint = "SOD523 - ONs"; UniqueID = "\PBQKOPAT" ("\PBQKOPAT")
Change component parameters (AddParameter): Name = "Current"; Value = "500mA"; VariantName = "[No Variations]"
Change component parameters (AddParameter): Name = "HelpURL"; Value = "https://www.digikey.com/product-detail/en/diodes-incorporated/MBR0580S1-7/MBR0580S1-7DICT-ND/5080371"; VariantName = "[No Variations]"
Change component parameters (AddParameter): Name = "Manufacturer"; Value = "Diodes Incorporated"; VariantName = "[No Variations]"
Change component parameters (AddParameter): Name = "Package"; Value = "SOD-123"; VariantName = "[No Variations]"
Change component parameters (AddParameter): Name = "PartNumber"; Value = "BAT54XV2"; VariantName = "[No Variations]"
Change component parameters (AddParameter): Name = "RecoveryTime"; Value = "15pF"; VariantName = "[No Variations]"
Change component parameters (AddParameter): Name = "Temperature"; Value = "-55...+150°C"; VariantName = "[No Variations]"
Change component parameters (AddParameter): Name = "TypeDiode"; Value = "Schottky diode"; VariantName = "[No Variations]"
Change component parameters (AddParameter): Name = "ValueManufacturerPartNumber"; Value = "Schottky diode, 80V, 500mA, 1V, 15pF, SOD-123, -55...+150°C"; VariantName = "[No Variations]"
Change component parameters (AddParameter): Name = "Voltage"; Value = "80V"; VariantName = "[No Variations]"
Change component parameters (AddParameter): Name = "VoltageDrop"; Value = "1V"; VariantName = "[No Variations]"
Added Component: Designator=GND(TestPoint(1mm_HS))
Added Component: Designator=XS1(CON: PLL-6(2x3R1.27male))
Added Pin To Net: NetName=RST Pin=C14-1
Added Pin To Net: NetName=GND Pin=GND-1
Added Pin To Net: NetName=RST Pin=R18-2
Added Pin To Net: NetName=RST Pin=R20-1
Added Pin To Net: NetName=VDD Pin=R21-1
Added Pin To Net: NetName=VDD Pin=VD5-1
Added Pin To Net: NetName=PE Pin=XS1-1
Added Pin To Net: NetName=GND Pin=XS1-2
Added Pin To Net: NetName=PULSE_POS Pin=XS1-3
Added Pin To Net: NetName=PULSE_NEG Pin=XS1-4
Added Pin To Net: NetName=VDD Pin=XS5-1
Added Pin To Net: NetName=RST Pin=XS5-3
Change Net Name : Old Net Name=NetR15_1 New Net Name=C2D
Change Net Name : Old Net Name=NetR19_2 New Net Name=C2D_sense
Change Net Name : Old Net Name=RST New Net Name=C2CK
Added Member To Class: ClassName=plp-cm_2a Member=Component GND Testpoint_HS1mm
Added Member To Class: ClassName=plp-cm_2a Member=Component XS1 2199R05-06G-301523
Added Room: Name=plp-cm_2a
