Removed Pin From Net: NetName=C2D_sense Pin=XS5-1
Removed Pin From Net: NetName=C2D_sense Pin=XS5-2
Removed Pin From Net: NetName=C2D_sense Pin=XS5-3
Removed Pin From Net: NetName=C2D_sense Pin=XS5-5
Removed Pin From Net: NetName=C2D_sense Pin=XS5-6
Added Component: Designator=XS3(CON: PLL-6(2x3R1.27male))
Added Component: Designator=XS4(CON: PLL-6(2x3R1.27male))
Added Pin To Net: NetName=GND Pin=XS3-2
Added Pin To Net: NetName=B Pin=XS3-3
Added Pin To Net: NetName=A Pin=XS3-4
Added Pin To Net: NetName=NetR25_2 Pin=XS4-1
Added Pin To Net: NetName=PE Pin=XS4-2
Added Pin To Net: NetName=C2CK Pin=XS4-3
Added Pin To Net: NetName=GND Pin=XS4-4
Added Pin To Net: NetName=VDD Pin=XS5-1
Added Pin To Net: NetName=C2D Pin=XS5-2
Added Pin To Net: NetName=C2CK Pin=XS5-3
Added Pin To Net: NetName=C2CK Pin=XS5-5
Added Pin To Net: NetName=GND Pin=XS5-6
Added Member To Class: ClassName=plp-cm_2a Member=Component XS3 2199R05-06G-301523
Added Member To Class: ClassName=plp-cm_2a Member=Component XS4 2199R05-06G-301523
