Removed Pin From Net: NetName=GND Pin=XP1-1
Removed Pin From Net: NetName=+5 Pin=XP1-2
Removed Pin From Net: NetName=+15 Pin=XP1-3
Removed Pin From Net: NetName=-15 Pin=XP1-4
Removed Pin From Net: NetName=+Uï Pin=XP2-4
Removed Pin From Net: NetName=-Uï Pin=XP4-1
Removed Pin From Net: NetName=GND Pin=XP4-2
Removed Pin From Net: NetName=+Uï Pin=XP4-3
Removed Pin From Net: NetName=VIOUT Pin=XP4-4
Removed Pin From Net: NetName=MOSI Pin=XS5-1
Removed Pin From Net: NetName=CS1 Pin=XS5-2
Removed Pin From Net: NetName=SCK Pin=XS5-3
Removed Pin From Net: NetName=MISO Pin=XS5-4
Added Pin To Net: NetName=+15 Pin=XP1-2
Added Pin To Net: NetName=+5 Pin=XP1-3
Added Pin To Net: NetName=GND Pin=XP1-4
Added Pin To Net: NetName=-15 Pin=XP1-6
Added Pin To Net: NetName=-Uï Pin=XP2-1
Added Pin To Net: NetName=+Uï Pin=XP2-5
Added Pin To Net: NetName=+Uï Pin=XP2-6
Added Pin To Net: NetName=+Uï Pin=XP4-1
Added Pin To Net: NetName=VIOUT Pin=XP4-2
Added Pin To Net: NetName=-Uï Pin=XP4-3
Added Pin To Net: NetName=GND Pin=XP4-4
Added Pin To Net: NetName=MOSI Pin=XS5-3
Added Pin To Net: NetName=CS1 Pin=XS5-4
Added Pin To Net: NetName=SCK Pin=XS5-5
Added Pin To Net: NetName=MISO Pin=XS5-6
Change Class Name : Old Net Name=plp-cd_1b New Net Name=plp-cd_3a
